{"/Users/home/Desktop/SB4-MAYDAY/app.js":{"path":"/Users/home/Desktop/SB4-MAYDAY/app.js","s":{"1":1,"2":1,"3":1,"4":1,"5":1,"6":1,"7":1,"8":1,"9":1,"10":1,"11":1,"12":1,"13":1,"14":1,"15":1,"16":1,"17":1,"18":1,"19":1,"20":1,"21":1,"22":1,"23":1,"24":1,"25":1,"26":1,"27":1,"28":1,"29":0,"30":0,"31":0,"32":0,"33":0,"34":0,"35":0,"36":0,"37":0,"38":0,"39":0,"40":0,"41":0,"42":1,"43":1,"44":5,"45":5,"46":5,"47":5,"48":5,"49":5,"50":5,"51":1,"52":1,"53":1,"54":1,"55":1,"56":1,"57":1,"58":1,"59":0,"60":0,"61":0,"62":0,"63":1,"64":1,"65":1,"66":1,"67":1,"68":1,"69":1,"70":1,"71":0,"72":0,"73":0,"74":1,"75":1,"76":0,"77":0,"78":1,"79":0,"80":0,"81":1,"82":1,"83":1,"84":1,"85":1,"86":0,"87":0,"88":1,"89":0,"90":1,"91":0,"92":0,"93":0,"94":0,"95":0,"96":0,"97":0,"98":0,"99":0,"100":0,"101":0,"102":0,"103":0,"104":0,"105":0,"106":0,"107":0,"108":0,"109":0,"110":0,"111":0,"112":0,"113":0,"114":0,"115":0,"116":0,"117":0,"118":0,"119":0,"120":0,"121":0,"122":0,"123":0,"124":0,"125":0,"126":0,"127":0,"128":0,"129":0,"130":0,"131":0,"132":0,"133":0,"134":0,"135":0,"136":0,"137":0,"138":0,"139":0,"140":0,"141":0,"142":0,"143":0,"144":0,"145":0,"146":0,"147":0,"148":0,"149":0,"150":0,"151":0,"152":0,"153":0,"154":0,"155":1,"156":0,"157":0,"158":0,"159":0,"160":0,"161":0,"162":0,"163":0,"164":0,"165":0,"166":0,"167":0,"168":0,"169":0,"170":0,"171":0,"172":0,"173":0,"174":0,"175":0,"176":0,"177":0,"178":0,"179":0,"180":0,"181":0,"182":0,"183":0,"184":0,"185":0},"b":{"1":[0,1],"2":[0,0],"3":[0,0],"4":[1,0],"5":[0,0],"6":[0,0],"7":[0,1],"8":[0,0],"9":[0,0,0],"10":[0,0],"11":[0,0,0],"12":[0,0],"13":[0,0],"14":[0,0],"15":[0,0],"16":[0,0],"17":[0,0],"18":[0,0],"19":[0,0]},"f":{"1":0,"2":5,"3":0,"4":0,"5":0,"6":0,"7":0,"8":0,"9":0,"10":0,"11":0,"12":0,"13":0,"14":0,"15":0,"16":0,"17":0,"18":0,"19":0,"20":0,"21":0,"22":0,"23":0,"24":0,"25":0,"26":0,"27":0,"28":0,"29":0,"30":0,"31":0,"32":0,"33":0,"34":0,"35":0,"36":0,"37":0,"38":0},"fnMap":{"1":{"name":"(anonymous_1)","line":47,"loc":{"start":{"line":47,"column":15},"end":{"line":47,"column":26}}},"2":{"name":"(anonymous_2)","line":65,"loc":{"start":{"line":65,"column":81},"end":{"line":65,"column":100}}},"3":{"name":"(anonymous_3)","line":95,"loc":{"start":{"line":95,"column":13},"end":{"line":95,"column":39}}},"4":{"name":"(anonymous_4)","line":121,"loc":{"start":{"line":121,"column":8},"end":{"line":121,"column":33}}},"5":{"name":"(anonymous_5)","line":131,"loc":{"start":{"line":131,"column":10},"end":{"line":131,"column":40}}},"6":{"name":"(anonymous_6)","line":143,"loc":{"start":{"line":143,"column":8},"end":{"line":143,"column":38}}},"7":{"name":"(anonymous_7)","line":169,"loc":{"start":{"line":169,"column":22},"end":{"line":169,"column":33}}},"8":{"name":"(anonymous_8)","line":174,"loc":{"start":{"line":174,"column":25},"end":{"line":174,"column":44}}},"9":{"name":"(anonymous_9)","line":180,"loc":{"start":{"line":180,"column":20},"end":{"line":180,"column":37}}},"10":{"name":"(anonymous_10)","line":185,"loc":{"start":{"line":185,"column":28},"end":{"line":185,"column":43}}},"11":{"name":"(anonymous_11)","line":188,"loc":{"start":{"line":188,"column":17},"end":{"line":188,"column":28}}},"12":{"name":"(anonymous_12)","line":190,"loc":{"start":{"line":190,"column":98},"end":{"line":190,"column":117}}},"13":{"name":"(anonymous_13)","line":193,"loc":{"start":{"line":193,"column":9},"end":{"line":193,"column":20}}},"14":{"name":"(anonymous_14)","line":201,"loc":{"start":{"line":201,"column":36},"end":{"line":201,"column":51}}},"15":{"name":"(anonymous_15)","line":204,"loc":{"start":{"line":204,"column":17},"end":{"line":204,"column":28}}},"16":{"name":"(anonymous_16)","line":224,"loc":{"start":{"line":224,"column":33},"end":{"line":224,"column":48}}},"17":{"name":"(anonymous_17)","line":235,"loc":{"start":{"line":235,"column":30},"end":{"line":235,"column":45}}},"18":{"name":"(anonymous_18)","line":239,"loc":{"start":{"line":239,"column":17},"end":{"line":239,"column":28}}},"19":{"name":"(anonymous_19)","line":240,"loc":{"start":{"line":240,"column":75},"end":{"line":240,"column":94}}},"20":{"name":"(anonymous_20)","line":243,"loc":{"start":{"line":243,"column":9},"end":{"line":243,"column":20}}},"21":{"name":"(anonymous_21)","line":261,"loc":{"start":{"line":261,"column":28},"end":{"line":261,"column":43}}},"22":{"name":"(anonymous_22)","line":263,"loc":{"start":{"line":263,"column":17},"end":{"line":263,"column":28}}},"23":{"name":"(anonymous_23)","line":265,"loc":{"start":{"line":265,"column":165},"end":{"line":265,"column":184}}},"24":{"name":"(anonymous_24)","line":268,"loc":{"start":{"line":268,"column":9},"end":{"line":268,"column":20}}},"25":{"name":"(anonymous_25)","line":276,"loc":{"start":{"line":276,"column":30},"end":{"line":276,"column":45}}},"26":{"name":"(anonymous_26)","line":278,"loc":{"start":{"line":278,"column":17},"end":{"line":278,"column":28}}},"27":{"name":"(anonymous_27)","line":280,"loc":{"start":{"line":280,"column":247},"end":{"line":280,"column":266}}},"28":{"name":"(anonymous_28)","line":283,"loc":{"start":{"line":283,"column":9},"end":{"line":283,"column":20}}},"29":{"name":"(anonymous_29)","line":292,"loc":{"start":{"line":292,"column":31},"end":{"line":292,"column":42}}},"30":{"name":"disc","line":313,"loc":{"start":{"line":313,"column":2},"end":{"line":313,"column":18}}},"31":{"name":"(anonymous_31)","line":349,"loc":{"start":{"line":349,"column":37},"end":{"line":349,"column":51}}},"32":{"name":"(anonymous_32)","line":353,"loc":{"start":{"line":353,"column":19},"end":{"line":353,"column":30}}},"33":{"name":"(anonymous_33)","line":355,"loc":{"start":{"line":355,"column":100},"end":{"line":355,"column":119}}},"34":{"name":"(anonymous_34)","line":361,"loc":{"start":{"line":361,"column":8},"end":{"line":361,"column":19}}},"35":{"name":"(anonymous_35)","line":370,"loc":{"start":{"line":370,"column":31},"end":{"line":370,"column":46}}},"36":{"name":"(anonymous_36)","line":372,"loc":{"start":{"line":372,"column":19},"end":{"line":372,"column":30}}},"37":{"name":"(anonymous_37)","line":374,"loc":{"start":{"line":374,"column":8},"end":{"line":374,"column":26}}},"38":{"name":"(anonymous_38)","line":378,"loc":{"start":{"line":378,"column":8},"end":{"line":378,"column":19}}}},"statementMap":{"1":{"start":{"line":1,"column":0},"end":{"line":1,"column":33}},"2":{"start":{"line":2,"column":0},"end":{"line":2,"column":27}},"3":{"start":{"line":4,"column":0},"end":{"line":4,"column":31}},"4":{"start":{"line":5,"column":0},"end":{"line":5,"column":44}},"5":{"start":{"line":6,"column":0},"end":{"line":6,"column":40}},"6":{"start":{"line":7,"column":0},"end":{"line":7,"column":43}},"7":{"start":{"line":9,"column":0},"end":{"line":9,"column":38}},"8":{"start":{"line":10,"column":0},"end":{"line":10,"column":40}},"9":{"start":{"line":12,"column":0},"end":{"line":12,"column":42}},"10":{"start":{"line":13,"column":0},"end":{"line":13,"column":52}},"11":{"start":{"line":14,"column":0},"end":{"line":14,"column":44}},"12":{"start":{"line":15,"column":0},"end":{"line":15,"column":50}},"13":{"start":{"line":16,"column":0},"end":{"line":16,"column":40}},"14":{"start":{"line":18,"column":0},"end":{"line":18,"column":20}},"15":{"start":{"line":24,"column":0},"end":{"line":24,"column":23}},"16":{"start":{"line":25,"column":0},"end":{"line":25,"column":23}},"17":{"start":{"line":26,"column":0},"end":{"line":26,"column":33}},"18":{"start":{"line":32,"column":0},"end":{"line":32,"column":48}},"19":{"start":{"line":33,"column":0},"end":{"line":33,"column":30}},"20":{"start":{"line":35,"column":0},"end":{"line":35,"column":43}},"21":{"start":{"line":36,"column":0},"end":{"line":36,"column":36}},"22":{"start":{"line":37,"column":0},"end":{"line":37,"column":18}},"23":{"start":{"line":38,"column":0},"end":{"line":38,"column":19}},"24":{"start":{"line":39,"column":0},"end":{"line":39,"column":20}},"25":{"start":{"line":40,"column":0},"end":{"line":40,"column":17}},"26":{"start":{"line":41,"column":0},"end":{"line":41,"column":28}},"27":{"start":{"line":42,"column":0},"end":{"line":42,"column":27}},"28":{"start":{"line":44,"column":0},"end":{"line":75,"column":1}},"29":{"start":{"line":45,"column":2},"end":{"line":45,"column":35}},"30":{"start":{"line":46,"column":2},"end":{"line":46,"column":25}},"31":{"start":{"line":47,"column":2},"end":{"line":60,"column":5}},"32":{"start":{"line":48,"column":4},"end":{"line":48,"column":99}},"33":{"start":{"line":49,"column":4},"end":{"line":49,"column":67}},"34":{"start":{"line":50,"column":4},"end":{"line":50,"column":59}},"35":{"start":{"line":51,"column":4},"end":{"line":51,"column":61}},"36":{"start":{"line":52,"column":4},"end":{"line":52,"column":65}},"37":{"start":{"line":53,"column":4},"end":{"line":53,"column":210}},"38":{"start":{"line":54,"column":4},"end":{"line":54,"column":166}},"39":{"start":{"line":55,"column":4},"end":{"line":55,"column":282}},"40":{"start":{"line":58,"column":4},"end":{"line":58,"column":173}},"41":{"start":{"line":61,"column":2},"end":{"line":61,"column":34}},"42":{"start":{"line":63,"column":2},"end":{"line":63,"column":32}},"43":{"start":{"line":65,"column":2},"end":{"line":74,"column":5}},"44":{"start":{"line":66,"column":4},"end":{"line":66,"column":102}},"45":{"start":{"line":67,"column":4},"end":{"line":67,"column":23}},"46":{"start":{"line":68,"column":4},"end":{"line":68,"column":37}},"47":{"start":{"line":69,"column":4},"end":{"line":69,"column":39}},"48":{"start":{"line":70,"column":4},"end":{"line":70,"column":38}},"49":{"start":{"line":72,"column":4},"end":{"line":72,"column":42}},"50":{"start":{"line":73,"column":4},"end":{"line":73,"column":44}},"51":{"start":{"line":81,"column":0},"end":{"line":81,"column":20}},"52":{"start":{"line":82,"column":0},"end":{"line":82,"column":23}},"53":{"start":{"line":83,"column":0},"end":{"line":83,"column":27}},"54":{"start":{"line":84,"column":0},"end":{"line":86,"column":4}},"55":{"start":{"line":87,"column":0},"end":{"line":87,"column":24}},"56":{"start":{"line":88,"column":0},"end":{"line":88,"column":56}},"57":{"start":{"line":89,"column":0},"end":{"line":91,"column":4}},"58":{"start":{"line":95,"column":0},"end":{"line":107,"column":3}},"59":{"start":{"line":96,"column":2},"end":{"line":96,"column":106}},"60":{"start":{"line":97,"column":2},"end":{"line":106,"column":3}},"61":{"start":{"line":99,"column":4},"end":{"line":103,"column":7}},"62":{"start":{"line":105,"column":4},"end":{"line":105,"column":11}},"63":{"start":{"line":109,"column":0},"end":{"line":109,"column":20}},"64":{"start":{"line":111,"column":0},"end":{"line":111,"column":29}},"65":{"start":{"line":112,"column":0},"end":{"line":112,"column":27}},"66":{"start":{"line":113,"column":0},"end":{"line":113,"column":39}},"67":{"start":{"line":114,"column":0},"end":{"line":114,"column":31}},"68":{"start":{"line":115,"column":0},"end":{"line":115,"column":37}},"69":{"start":{"line":116,"column":0},"end":{"line":116,"column":27}},"70":{"start":{"line":121,"column":0},"end":{"line":125,"column":3}},"71":{"start":{"line":122,"column":2},"end":{"line":122,"column":40}},"72":{"start":{"line":123,"column":2},"end":{"line":123,"column":19}},"73":{"start":{"line":124,"column":2},"end":{"line":124,"column":12}},"74":{"start":{"line":130,"column":0},"end":{"line":139,"column":1}},"75":{"start":{"line":131,"column":2},"end":{"line":138,"column":5}},"76":{"start":{"line":132,"column":4},"end":{"line":132,"column":34}},"77":{"start":{"line":133,"column":4},"end":{"line":137,"column":7}},"78":{"start":{"line":143,"column":0},"end":{"line":150,"column":3}},"79":{"start":{"line":144,"column":2},"end":{"line":144,"column":32}},"80":{"start":{"line":145,"column":2},"end":{"line":149,"column":5}},"81":{"start":{"line":162,"column":0},"end":{"line":162,"column":21}},"82":{"start":{"line":164,"column":0},"end":{"line":164,"column":47}},"83":{"start":{"line":165,"column":0},"end":{"line":165,"column":45}},"84":{"start":{"line":166,"column":0},"end":{"line":166,"column":22}},"85":{"start":{"line":168,"column":0},"end":{"line":172,"column":1}},"86":{"start":{"line":169,"column":2},"end":{"line":171,"column":5}},"87":{"start":{"line":170,"column":4},"end":{"line":170,"column":42}},"88":{"start":{"line":174,"column":0},"end":{"line":176,"column":3}},"89":{"start":{"line":175,"column":2},"end":{"line":175,"column":34}},"90":{"start":{"line":180,"column":0},"end":{"line":385,"column":3}},"91":{"start":{"line":185,"column":2},"end":{"line":199,"column":5}},"92":{"start":{"line":187,"column":5},"end":{"line":187,"column":123}},"93":{"start":{"line":188,"column":4},"end":{"line":197,"column":7}},"94":{"start":{"line":189,"column":6},"end":{"line":189,"column":146}},"95":{"start":{"line":190,"column":6},"end":{"line":196,"column":9}},"96":{"start":{"line":191,"column":8},"end":{"line":191,"column":32}},"97":{"start":{"line":192,"column":8},"end":{"line":192,"column":45}},"98":{"start":{"line":194,"column":10},"end":{"line":194,"column":66}},"99":{"start":{"line":195,"column":8},"end":{"line":195,"column":38}},"100":{"start":{"line":201,"column":2},"end":{"line":222,"column":5}},"101":{"start":{"line":202,"column":4},"end":{"line":202,"column":49}},"102":{"start":{"line":204,"column":4},"end":{"line":220,"column":7}},"103":{"start":{"line":205,"column":6},"end":{"line":205,"column":218}},"104":{"start":{"line":210,"column":8},"end":{"line":210,"column":50}},"105":{"start":{"line":212,"column":8},"end":{"line":218,"column":9}},"106":{"start":{"line":213,"column":10},"end":{"line":213,"column":54}},"107":{"start":{"line":214,"column":10},"end":{"line":214,"column":40}},"108":{"start":{"line":215,"column":10},"end":{"line":217,"column":11}},"109":{"start":{"line":216,"column":12},"end":{"line":216,"column":63}},"110":{"start":{"line":224,"column":2},"end":{"line":232,"column":5}},"111":{"start":{"line":225,"column":4},"end":{"line":231,"column":5}},"112":{"start":{"line":226,"column":6},"end":{"line":226,"column":50}},"113":{"start":{"line":227,"column":6},"end":{"line":227,"column":36}},"114":{"start":{"line":228,"column":6},"end":{"line":230,"column":7}},"115":{"start":{"line":229,"column":8},"end":{"line":229,"column":56}},"116":{"start":{"line":235,"column":2},"end":{"line":259,"column":5}},"117":{"start":{"line":236,"column":4},"end":{"line":236,"column":47}},"118":{"start":{"line":237,"column":4},"end":{"line":237,"column":26}},"119":{"start":{"line":238,"column":4},"end":{"line":238,"column":18}},"120":{"start":{"line":239,"column":4},"end":{"line":257,"column":7}},"121":{"start":{"line":240,"column":6},"end":{"line":256,"column":9}},"122":{"start":{"line":241,"column":8},"end":{"line":241,"column":27}},"123":{"start":{"line":244,"column":8},"end":{"line":244,"column":30}},"124":{"start":{"line":245,"column":8},"end":{"line":245,"column":27}},"125":{"start":{"line":248,"column":8},"end":{"line":248,"column":24}},"126":{"start":{"line":249,"column":8},"end":{"line":252,"column":9}},"127":{"start":{"line":250,"column":10},"end":{"line":250,"column":46}},"128":{"start":{"line":251,"column":10},"end":{"line":251,"column":63}},"129":{"start":{"line":251,"column":47},"end":{"line":251,"column":63}},"130":{"start":{"line":253,"column":8},"end":{"line":253,"column":48}},"131":{"start":{"line":255,"column":8},"end":{"line":255,"column":40}},"132":{"start":{"line":261,"column":2},"end":{"line":274,"column":5}},"133":{"start":{"line":262,"column":4},"end":{"line":262,"column":20}},"134":{"start":{"line":263,"column":4},"end":{"line":272,"column":7}},"135":{"start":{"line":265,"column":6},"end":{"line":270,"column":9}},"136":{"start":{"line":267,"column":8},"end":{"line":267,"column":25}},"137":{"start":{"line":269,"column":8},"end":{"line":269,"column":50}},"138":{"start":{"line":276,"column":2},"end":{"line":289,"column":5}},"139":{"start":{"line":277,"column":4},"end":{"line":277,"column":20}},"140":{"start":{"line":278,"column":4},"end":{"line":287,"column":7}},"141":{"start":{"line":280,"column":6},"end":{"line":285,"column":9}},"142":{"start":{"line":282,"column":8},"end":{"line":282,"column":25}},"143":{"start":{"line":284,"column":8},"end":{"line":284,"column":52}},"144":{"start":{"line":292,"column":2},"end":{"line":306,"column":5}},"145":{"start":{"line":293,"column":4},"end":{"line":295,"column":16}},"146":{"start":{"line":296,"column":4},"end":{"line":302,"column":5}},"147":{"start":{"line":297,"column":6},"end":{"line":297,"column":42}},"148":{"start":{"line":298,"column":6},"end":{"line":301,"column":7}},"149":{"start":{"line":299,"column":8},"end":{"line":299,"column":41}},"150":{"start":{"line":300,"column":8},"end":{"line":300,"column":32}},"151":{"start":{"line":303,"column":4},"end":{"line":303,"column":25}},"152":{"start":{"line":305,"column":4},"end":{"line":305,"column":41}},"153":{"start":{"line":310,"column":2},"end":{"line":310,"column":39}},"154":{"start":{"line":311,"column":2},"end":{"line":311,"column":32}},"155":{"start":{"line":313,"column":2},"end":{"line":345,"column":3}},"156":{"start":{"line":314,"column":4},"end":{"line":314,"column":51}},"157":{"start":{"line":315,"column":4},"end":{"line":343,"column":5}},"158":{"start":{"line":316,"column":6},"end":{"line":316,"column":20}},"159":{"start":{"line":317,"column":6},"end":{"line":317,"column":33}},"160":{"start":{"line":318,"column":6},"end":{"line":318,"column":22}},"161":{"start":{"line":320,"column":6},"end":{"line":320,"column":53}},"162":{"start":{"line":325,"column":6},"end":{"line":326,"column":18}},"163":{"start":{"line":327,"column":6},"end":{"line":336,"column":7}},"164":{"start":{"line":332,"column":8},"end":{"line":335,"column":9}},"165":{"start":{"line":333,"column":10},"end":{"line":333,"column":87}},"166":{"start":{"line":338,"column":6},"end":{"line":338,"column":27}},"167":{"start":{"line":340,"column":6},"end":{"line":340,"column":46}},"168":{"start":{"line":342,"column":6},"end":{"line":342,"column":41}},"169":{"start":{"line":349,"column":4},"end":{"line":367,"column":5}},"170":{"start":{"line":350,"column":6},"end":{"line":350,"column":48}},"171":{"start":{"line":352,"column":6},"end":{"line":352,"column":22}},"172":{"start":{"line":353,"column":6},"end":{"line":365,"column":7}},"173":{"start":{"line":355,"column":8},"end":{"line":363,"column":11}},"174":{"start":{"line":356,"column":10},"end":{"line":359,"column":11}},"175":{"start":{"line":356,"column":18},"end":{"line":356,"column":46}},"176":{"start":{"line":357,"column":12},"end":{"line":357,"column":41}},"177":{"start":{"line":358,"column":12},"end":{"line":358,"column":29}},"178":{"start":{"line":362,"column":10},"end":{"line":362,"column":51}},"179":{"start":{"line":370,"column":4},"end":{"line":382,"column":7}},"180":{"start":{"line":371,"column":6},"end":{"line":371,"column":22}},"181":{"start":{"line":372,"column":6},"end":{"line":381,"column":9}},"182":{"start":{"line":373,"column":8},"end":{"line":380,"column":11}},"183":{"start":{"line":375,"column":10},"end":{"line":375,"column":27}},"184":{"start":{"line":376,"column":10},"end":{"line":376,"column":30}},"185":{"start":{"line":379,"column":10},"end":{"line":379,"column":47}}},"branchMap":{"1":{"line":44,"type":"if","locations":[{"start":{"line":44,"column":0},"end":{"line":44,"column":0}},{"start":{"line":44,"column":0},"end":{"line":44,"column":0}}]},"2":{"line":97,"type":"if","locations":[{"start":{"line":97,"column":2},"end":{"line":97,"column":2}},{"start":{"line":97,"column":2},"end":{"line":97,"column":2}}]},"3":{"line":97,"type":"binary-expr","locations":[{"start":{"line":97,"column":5},"end":{"line":97,"column":48}},{"start":{"line":97,"column":52},"end":{"line":97,"column":72}}]},"4":{"line":130,"type":"if","locations":[{"start":{"line":130,"column":0},"end":{"line":130,"column":0}},{"start":{"line":130,"column":0},"end":{"line":130,"column":0}}]},"5":{"line":132,"type":"binary-expr","locations":[{"start":{"line":132,"column":15},"end":{"line":132,"column":25}},{"start":{"line":132,"column":29},"end":{"line":132,"column":32}}]},"6":{"line":144,"type":"binary-expr","locations":[{"start":{"line":144,"column":13},"end":{"line":144,"column":23}},{"start":{"line":144,"column":27},"end":{"line":144,"column":30}}]},"7":{"line":168,"type":"if","locations":[{"start":{"line":168,"column":0},"end":{"line":168,"column":0}},{"start":{"line":168,"column":0},"end":{"line":168,"column":0}}]},"8":{"line":215,"type":"if","locations":[{"start":{"line":215,"column":10},"end":{"line":215,"column":10}},{"start":{"line":215,"column":10},"end":{"line":215,"column":10}}]},"9":{"line":215,"type":"binary-expr","locations":[{"start":{"line":215,"column":14},"end":{"line":215,"column":31}},{"start":{"line":215,"column":35},"end":{"line":215,"column":45}},{"start":{"line":215,"column":49},"end":{"line":215,"column":69}}]},"10":{"line":228,"type":"if","locations":[{"start":{"line":228,"column":6},"end":{"line":228,"column":6}},{"start":{"line":228,"column":6},"end":{"line":228,"column":6}}]},"11":{"line":228,"type":"binary-expr","locations":[{"start":{"line":228,"column":10},"end":{"line":228,"column":27}},{"start":{"line":228,"column":31},"end":{"line":228,"column":41}},{"start":{"line":228,"column":45},"end":{"line":228,"column":65}}]},"12":{"line":251,"type":"if","locations":[{"start":{"line":251,"column":10},"end":{"line":251,"column":10}},{"start":{"line":251,"column":10},"end":{"line":251,"column":10}}]},"13":{"line":251,"type":"binary-expr","locations":[{"start":{"line":251,"column":14},"end":{"line":251,"column":31}},{"start":{"line":251,"column":35},"end":{"line":251,"column":45}}]},"14":{"line":298,"type":"if","locations":[{"start":{"line":298,"column":6},"end":{"line":298,"column":6}},{"start":{"line":298,"column":6},"end":{"line":298,"column":6}}]},"15":{"line":298,"type":"binary-expr","locations":[{"start":{"line":298,"column":10},"end":{"line":298,"column":27}},{"start":{"line":298,"column":31},"end":{"line":298,"column":41}}]},"16":{"line":315,"type":"if","locations":[{"start":{"line":315,"column":4},"end":{"line":315,"column":4}},{"start":{"line":315,"column":4},"end":{"line":315,"column":4}}]},"17":{"line":332,"type":"if","locations":[{"start":{"line":332,"column":8},"end":{"line":332,"column":8}},{"start":{"line":332,"column":8},"end":{"line":332,"column":8}}]},"18":{"line":332,"type":"binary-expr","locations":[{"start":{"line":332,"column":12},"end":{"line":332,"column":51}},{"start":{"line":332,"column":55},"end":{"line":332,"column":87}}]},"19":{"line":356,"type":"if","locations":[{"start":{"line":356,"column":10},"end":{"line":356,"column":10}},{"start":{"line":356,"column":10},"end":{"line":356,"column":10}}]}}},"/Users/home/Desktop/SB4-MAYDAY/routes/login.js":{"path":"/Users/home/Desktop/SB4-MAYDAY/routes/login.js","s":{"1":1,"2":1,"3":1,"4":1,"5":1,"6":1,"7":1,"8":1,"9":0,"10":0,"11":1,"12":0,"13":0,"14":0,"15":0,"16":0,"17":0,"18":0,"19":0,"20":0,"21":0,"22":0,"23":0,"24":0,"25":1,"26":0,"27":0,"28":0,"29":0,"30":0,"31":0,"32":0,"33":0,"34":0,"35":0,"36":0,"37":0,"38":0,"39":0,"40":0,"41":0,"42":0,"43":0,"44":0,"45":0,"46":0,"47":0,"48":0,"49":0,"50":0,"51":0,"52":1},"b":{"1":[0,0],"2":[0,0],"3":[0,0],"4":[0,0],"5":[0,0],"6":[0,0]},"f":{"1":0,"2":0,"3":0,"4":0,"5":0,"6":0},"fnMap":{"1":{"name":"(anonymous_1)","line":11,"loc":{"start":{"line":11,"column":16},"end":{"line":11,"column":41}}},"2":{"name":"(anonymous_2)","line":17,"loc":{"start":{"line":17,"column":26},"end":{"line":17,"column":45}}},"3":{"name":"(anonymous_3)","line":22,"loc":{"start":{"line":22,"column":65},"end":{"line":22,"column":84}}},"4":{"name":"(anonymous_4)","line":53,"loc":{"start":{"line":53,"column":27},"end":{"line":53,"column":46}}},"5":{"name":"(anonymous_5)","line":59,"loc":{"start":{"line":59,"column":65},"end":{"line":59,"column":84}}},"6":{"name":"(anonymous_6)","line":85,"loc":{"start":{"line":85,"column":93},"end":{"line":85,"column":112}}}},"statementMap":{"1":{"start":{"line":1,"column":0},"end":{"line":1,"column":33}},"2":{"start":{"line":2,"column":0},"end":{"line":2,"column":30}},"3":{"start":{"line":3,"column":0},"end":{"line":3,"column":43}},"4":{"start":{"line":4,"column":0},"end":{"line":4,"column":43}},"5":{"start":{"line":5,"column":0},"end":{"line":5,"column":32}},"6":{"start":{"line":6,"column":0},"end":{"line":6,"column":40}},"7":{"start":{"line":8,"column":0},"end":{"line":8,"column":46}},"8":{"start":{"line":11,"column":0},"end":{"line":14,"column":3}},"9":{"start":{"line":12,"column":2},"end":{"line":12,"column":22}},"10":{"start":{"line":13,"column":2},"end":{"line":13,"column":36}},"11":{"start":{"line":17,"column":0},"end":{"line":50,"column":3}},"12":{"start":{"line":18,"column":2},"end":{"line":18,"column":40}},"13":{"start":{"line":19,"column":2},"end":{"line":19,"column":40}},"14":{"start":{"line":20,"column":2},"end":{"line":20,"column":49}},"15":{"start":{"line":22,"column":2},"end":{"line":49,"column":5}},"16":{"start":{"line":23,"column":4},"end":{"line":48,"column":5}},"17":{"start":{"line":24,"column":6},"end":{"line":24,"column":30}},"18":{"start":{"line":25,"column":6},"end":{"line":25,"column":65}},"19":{"start":{"line":26,"column":6},"end":{"line":29,"column":19}},"20":{"start":{"line":32,"column":6},"end":{"line":32,"column":61}},"21":{"start":{"line":33,"column":6},"end":{"line":33,"column":41}},"22":{"start":{"line":36,"column":6},"end":{"line":36,"column":59}},"23":{"start":{"line":37,"column":6},"end":{"line":43,"column":9}},"24":{"start":{"line":45,"column":6},"end":{"line":47,"column":9}},"25":{"start":{"line":53,"column":0},"end":{"line":116,"column":3}},"26":{"start":{"line":54,"column":2},"end":{"line":54,"column":40}},"27":{"start":{"line":55,"column":2},"end":{"line":55,"column":40}},"28":{"start":{"line":56,"column":2},"end":{"line":56,"column":26}},"29":{"start":{"line":57,"column":2},"end":{"line":57,"column":61}},"30":{"start":{"line":59,"column":2},"end":{"line":115,"column":5}},"31":{"start":{"line":60,"column":4},"end":{"line":114,"column":5}},"32":{"start":{"line":61,"column":6},"end":{"line":82,"column":7}},"33":{"start":{"line":62,"column":8},"end":{"line":65,"column":21}},"34":{"start":{"line":67,"column":8},"end":{"line":67,"column":63}},"35":{"start":{"line":68,"column":8},"end":{"line":68,"column":61}},"36":{"start":{"line":69,"column":8},"end":{"line":69,"column":43}},"37":{"start":{"line":71,"column":8},"end":{"line":77,"column":11}},"38":{"start":{"line":79,"column":8},"end":{"line":81,"column":9}},"39":{"start":{"line":85,"column":6},"end":{"line":113,"column":9}},"40":{"start":{"line":86,"column":8},"end":{"line":112,"column":9}},"41":{"start":{"line":87,"column":10},"end":{"line":89,"column":13}},"42":{"start":{"line":91,"column":10},"end":{"line":94,"column":23}},"43":{"start":{"line":97,"column":10},"end":{"line":97,"column":29}},"44":{"start":{"line":98,"column":10},"end":{"line":98,"column":34}},"45":{"start":{"line":99,"column":10},"end":{"line":99,"column":33}},"46":{"start":{"line":100,"column":10},"end":{"line":100,"column":37}},"47":{"start":{"line":101,"column":10},"end":{"line":101,"column":45}},"48":{"start":{"line":102,"column":10},"end":{"line":102,"column":46}},"49":{"start":{"line":103,"column":10},"end":{"line":103,"column":44}},"50":{"start":{"line":104,"column":10},"end":{"line":104,"column":42}},"51":{"start":{"line":105,"column":10},"end":{"line":111,"column":13}},"52":{"start":{"line":119,"column":0},"end":{"line":119,"column":24}}},"branchMap":{"1":{"line":23,"type":"if","locations":[{"start":{"line":23,"column":4},"end":{"line":23,"column":4}},{"start":{"line":23,"column":4},"end":{"line":23,"column":4}}]},"2":{"line":23,"type":"binary-expr","locations":[{"start":{"line":23,"column":8},"end":{"line":23,"column":11}},{"start":{"line":23,"column":15},"end":{"line":23,"column":40}}]},"3":{"line":60,"type":"if","locations":[{"start":{"line":60,"column":4},"end":{"line":60,"column":4}},{"start":{"line":60,"column":4},"end":{"line":60,"column":4}}]},"4":{"line":61,"type":"if","locations":[{"start":{"line":61,"column":6},"end":{"line":61,"column":6}},{"start":{"line":61,"column":6},"end":{"line":61,"column":6}}]},"5":{"line":61,"type":"binary-expr","locations":[{"start":{"line":61,"column":10},"end":{"line":61,"column":13}},{"start":{"line":61,"column":17},"end":{"line":61,"column":42}}]},"6":{"line":86,"type":"if","locations":[{"start":{"line":86,"column":8},"end":{"line":86,"column":8}},{"start":{"line":86,"column":8},"end":{"line":86,"column":8}}]}}},"/Users/home/Desktop/SB4-MAYDAY/routes/logout.js":{"path":"/Users/home/Desktop/SB4-MAYDAY/routes/logout.js","s":{"1":1,"2":1,"3":1,"4":0,"5":0,"6":0,"7":0,"8":0,"9":1},"b":{},"f":{"1":0},"fnMap":{"1":{"name":"(anonymous_1)","line":6,"loc":{"start":{"line":6,"column":21},"end":{"line":6,"column":45}}}},"statementMap":{"1":{"start":{"line":1,"column":0},"end":{"line":1,"column":33}},"2":{"start":{"line":2,"column":0},"end":{"line":2,"column":30}},"3":{"start":{"line":6,"column":0},"end":{"line":12,"column":3}},"4":{"start":{"line":7,"column":2},"end":{"line":7,"column":28}},"5":{"start":{"line":8,"column":2},"end":{"line":8,"column":74}},"6":{"start":{"line":9,"column":2},"end":{"line":9,"column":29}},"7":{"start":{"line":10,"column":2},"end":{"line":10,"column":27}},"8":{"start":{"line":11,"column":2},"end":{"line":11,"column":20}},"9":{"start":{"line":15,"column":0},"end":{"line":15,"column":24}}},"branchMap":{}},"/Users/home/Desktop/SB4-MAYDAY/routes/welcome.js":{"path":"/Users/home/Desktop/SB4-MAYDAY/routes/welcome.js","s":{"1":1,"2":1,"3":1,"4":1,"5":1,"6":1,"7":0,"8":0,"9":0,"10":1,"11":0,"12":0,"13":0,"14":0,"15":0,"16":0,"17":0,"18":0,"19":0,"20":0,"21":0,"22":0,"23":1,"24":0,"25":0,"26":0,"27":0,"28":0,"29":0,"30":0,"31":0,"32":0,"33":0,"34":0,"35":0,"36":0,"37":0,"38":1},"b":{"1":[0,0],"2":[0,0,0],"3":[0,0],"4":[0,0],"5":[0,0],"6":[0,0],"7":[0,0],"8":[0,0]},"f":{"1":0,"2":0,"3":0,"4":0,"5":0},"fnMap":{"1":{"name":"(anonymous_1)","line":8,"loc":{"start":{"line":8,"column":21},"end":{"line":8,"column":46}}},"2":{"name":"(anonymous_2)","line":26,"loc":{"start":{"line":26,"column":26},"end":{"line":26,"column":51}}},"3":{"name":"(anonymous_3)","line":74,"loc":{"start":{"line":74,"column":29},"end":{"line":74,"column":48}}},"4":{"name":"(anonymous_4)","line":78,"loc":{"start":{"line":78,"column":107},"end":{"line":78,"column":126}}},"5":{"name":"(anonymous_5)","line":85,"loc":{"start":{"line":85,"column":79},"end":{"line":85,"column":98}}}},"statementMap":{"1":{"start":{"line":1,"column":0},"end":{"line":1,"column":33}},"2":{"start":{"line":2,"column":0},"end":{"line":2,"column":30}},"3":{"start":{"line":3,"column":0},"end":{"line":3,"column":32}},"4":{"start":{"line":4,"column":0},"end":{"line":4,"column":43}},"5":{"start":{"line":5,"column":0},"end":{"line":5,"column":43}},"6":{"start":{"line":8,"column":0},"end":{"line":23,"column":3}},"7":{"start":{"line":10,"column":1},"end":{"line":22,"column":2}},"8":{"start":{"line":12,"column":2},"end":{"line":15,"column":5}},"9":{"start":{"line":17,"column":2},"end":{"line":21,"column":5}},"10":{"start":{"line":26,"column":0},"end":{"line":71,"column":3}},"11":{"start":{"line":27,"column":1},"end":{"line":27,"column":61}},"12":{"start":{"line":29,"column":1},"end":{"line":63,"column":2}},"13":{"start":{"line":30,"column":2},"end":{"line":34,"column":5}},"14":{"start":{"line":36,"column":2},"end":{"line":37,"column":65}},"15":{"start":{"line":37,"column":3},"end":{"line":37,"column":65}},"16":{"start":{"line":38,"column":2},"end":{"line":38,"column":37}},"17":{"start":{"line":39,"column":2},"end":{"line":39,"column":112}},"18":{"start":{"line":41,"column":2},"end":{"line":44,"column":4}},"19":{"start":{"line":45,"column":2},"end":{"line":50,"column":4}},"20":{"start":{"line":51,"column":2},"end":{"line":56,"column":4}},"21":{"start":{"line":57,"column":2},"end":{"line":62,"column":4}},"22":{"start":{"line":64,"column":1},"end":{"line":70,"column":4}},"23":{"start":{"line":74,"column":0},"end":{"line":101,"column":3}},"24":{"start":{"line":75,"column":1},"end":{"line":75,"column":24}},"25":{"start":{"line":76,"column":1},"end":{"line":76,"column":30}},"26":{"start":{"line":77,"column":1},"end":{"line":77,"column":34}},"27":{"start":{"line":78,"column":1},"end":{"line":84,"column":4}},"28":{"start":{"line":79,"column":2},"end":{"line":83,"column":3}},"29":{"start":{"line":80,"column":3},"end":{"line":82,"column":6}},"30":{"start":{"line":85,"column":1},"end":{"line":100,"column":4}},"31":{"start":{"line":86,"column":2},"end":{"line":99,"column":3}},"32":{"start":{"line":87,"column":3},"end":{"line":93,"column":6}},"33":{"start":{"line":94,"column":3},"end":{"line":94,"column":37}},"34":{"start":{"line":95,"column":3},"end":{"line":95,"column":38}},"35":{"start":{"line":96,"column":3},"end":{"line":96,"column":49}},"36":{"start":{"line":97,"column":3},"end":{"line":97,"column":50}},"37":{"start":{"line":98,"column":3},"end":{"line":98,"column":57}},"38":{"start":{"line":104,"column":0},"end":{"line":104,"column":24}}},"branchMap":{"1":{"line":10,"type":"if","locations":[{"start":{"line":10,"column":1},"end":{"line":10,"column":1}},{"start":{"line":10,"column":1},"end":{"line":10,"column":1}}]},"2":{"line":10,"type":"binary-expr","locations":[{"start":{"line":10,"column":5},"end":{"line":10,"column":20}},{"start":{"line":10,"column":25},"end":{"line":10,"column":64}},{"start":{"line":10,"column":68},"end":{"line":10,"column":98}}]},"3":{"line":29,"type":"if","locations":[{"start":{"line":29,"column":1},"end":{"line":29,"column":1}},{"start":{"line":29,"column":1},"end":{"line":29,"column":1}}]},"4":{"line":29,"type":"binary-expr","locations":[{"start":{"line":29,"column":5},"end":{"line":29,"column":30}},{"start":{"line":29,"column":34},"end":{"line":29,"column":64}}]},"5":{"line":36,"type":"if","locations":[{"start":{"line":36,"column":2},"end":{"line":36,"column":2}},{"start":{"line":36,"column":2},"end":{"line":36,"column":2}}]},"6":{"line":36,"type":"binary-expr","locations":[{"start":{"line":36,"column":6},"end":{"line":36,"column":45}},{"start":{"line":36,"column":49},"end":{"line":36,"column":93}}]},"7":{"line":79,"type":"if","locations":[{"start":{"line":79,"column":2},"end":{"line":79,"column":2}},{"start":{"line":79,"column":2},"end":{"line":79,"column":2}}]},"8":{"line":86,"type":"if","locations":[{"start":{"line":86,"column":2},"end":{"line":86,"column":2}},{"start":{"line":86,"column":2},"end":{"line":86,"column":2}}]}}},"/Users/home/Desktop/SB4-MAYDAY/routes/announcement.js":{"path":"/Users/home/Desktop/SB4-MAYDAY/routes/announcement.js","s":{"1":1,"2":1,"3":1,"4":1,"5":1,"6":1,"7":1,"8":1,"9":1,"10":0,"11":0,"12":0,"13":0,"14":0,"15":0,"16":0,"17":1,"18":0,"19":0,"20":0,"21":0,"22":0,"23":0,"24":1},"b":{"1":[0,0]},"f":{"1":0,"2":0,"3":0,"4":0,"5":0,"6":0},"fnMap":{"1":{"name":"(anonymous_1)","line":15,"loc":{"start":{"line":15,"column":17},"end":{"line":15,"column":35}}},"2":{"name":"(anonymous_2)","line":19,"loc":{"start":{"line":19,"column":116},"end":{"line":19,"column":135}}},"3":{"name":"(anonymous_3)","line":56,"loc":{"start":{"line":56,"column":27},"end":{"line":56,"column":45}}},"4":{"name":"(anonymous_4)","line":58,"loc":{"start":{"line":58,"column":17},"end":{"line":58,"column":28}}},"5":{"name":"(anonymous_5)","line":59,"loc":{"start":{"line":59,"column":49},"end":{"line":59,"column":68}}},"6":{"name":"(anonymous_6)","line":61,"loc":{"start":{"line":61,"column":11},"end":{"line":61,"column":22}}}},"statementMap":{"1":{"start":{"line":1,"column":0},"end":{"line":1,"column":33}},"2":{"start":{"line":2,"column":0},"end":{"line":2,"column":30}},"3":{"start":{"line":3,"column":0},"end":{"line":3,"column":40}},"4":{"start":{"line":4,"column":0},"end":{"line":4,"column":43}},"5":{"start":{"line":5,"column":0},"end":{"line":5,"column":43}},"6":{"start":{"line":6,"column":0},"end":{"line":6,"column":37}},"7":{"start":{"line":7,"column":0},"end":{"line":10,"column":3}},"8":{"start":{"line":11,"column":0},"end":{"line":11,"column":67}},"9":{"start":{"line":15,"column":0},"end":{"line":53,"column":3}},"10":{"start":{"line":16,"column":1},"end":{"line":16,"column":28}},"11":{"start":{"line":17,"column":1},"end":{"line":17,"column":24}},"12":{"start":{"line":18,"column":4},"end":{"line":18,"column":35}},"13":{"start":{"line":19,"column":4},"end":{"line":33,"column":7}},"14":{"start":{"line":20,"column":8},"end":{"line":32,"column":9}},"15":{"start":{"line":21,"column":12},"end":{"line":23,"column":15}},"16":{"start":{"line":25,"column":12},"end":{"line":31,"column":15}},"17":{"start":{"line":56,"column":0},"end":{"line":71,"column":3}},"18":{"start":{"line":57,"column":4},"end":{"line":57,"column":20}},"19":{"start":{"line":58,"column":4},"end":{"line":65,"column":7}},"20":{"start":{"line":59,"column":8},"end":{"line":64,"column":11}},"21":{"start":{"line":60,"column":12},"end":{"line":60,"column":29}},"22":{"start":{"line":62,"column":12},"end":{"line":62,"column":32}},"23":{"start":{"line":63,"column":12},"end":{"line":63,"column":29}},"24":{"start":{"line":74,"column":0},"end":{"line":74,"column":24}}},"branchMap":{"1":{"line":20,"type":"if","locations":[{"start":{"line":20,"column":8},"end":{"line":20,"column":8}},{"start":{"line":20,"column":8},"end":{"line":20,"column":8}}]}}},"/Users/home/Desktop/SB4-MAYDAY/models/AnnouncementModel.js":{"path":"/Users/home/Desktop/SB4-MAYDAY/models/AnnouncementModel.js","s":{"1":1,"2":1,"3":1,"4":1},"b":{},"f":{"1":1},"fnMap":{"1":{"name":"(anonymous_1)","line":7,"loc":{"start":{"line":7,"column":17},"end":{"line":7,"column":47}}}},"statementMap":{"1":{"start":{"line":1,"column":0},"end":{"line":1,"column":37}},"2":{"start":{"line":2,"column":0},"end":{"line":5,"column":3}},"3":{"start":{"line":7,"column":0},"end":{"line":27,"column":1}},"4":{"start":{"line":8,"column":1},"end":{"line":26,"column":4}}},"branchMap":{}},"/Users/home/Desktop/SB4-MAYDAY/routes/headless.js":{"path":"/Users/home/Desktop/SB4-MAYDAY/routes/headless.js","s":{"1":1,"2":1,"3":1,"4":1,"5":1,"6":1,"7":0,"8":1,"9":0,"10":0,"11":0,"12":0,"13":1,"14":0,"15":0,"16":1,"17":0,"18":0,"19":0,"20":0,"21":0,"22":0,"23":0,"24":0,"25":0,"26":0,"27":1,"28":0,"29":0,"30":0,"31":0,"32":0,"33":0,"34":0,"35":0,"36":1,"37":0,"38":0,"39":0,"40":0,"41":0,"42":0,"43":0,"44":1,"45":0,"46":0,"47":0,"48":0,"49":0,"50":0,"51":0,"52":0,"53":0,"54":1,"55":0,"56":0,"57":0,"58":0,"59":0,"60":0,"61":0,"62":0,"63":0,"64":1,"65":0,"66":0,"67":0,"68":0,"69":0,"70":0,"71":0,"72":0,"73":1,"74":0,"75":0,"76":0,"77":0,"78":0,"79":0,"80":0,"81":0,"82":1,"83":0,"84":0,"85":0,"86":0,"87":0,"88":0,"89":0,"90":0,"91":0,"92":0,"93":0,"94":0,"95":0,"96":0,"97":1,"98":0,"99":0,"100":0,"101":0,"102":0,"103":0,"104":1,"105":0,"106":0,"107":0,"108":0,"109":0,"110":1,"111":0,"112":0,"113":0,"114":0,"115":0,"116":0,"117":0,"118":0,"119":1,"120":0,"121":0,"122":0,"123":0,"124":0,"125":0,"126":0,"127":1,"128":0,"129":0,"130":0,"131":0,"132":0,"133":0,"134":0,"135":0,"136":0,"137":0,"138":0,"139":0,"140":0,"141":0,"142":0,"143":0,"144":0,"145":0,"146":1,"147":0,"148":0,"149":0,"150":0,"151":0,"152":0,"153":0,"154":0,"155":0,"156":0,"157":0,"158":0,"159":0,"160":0,"161":0,"162":0,"163":0,"164":0,"165":1,"166":0,"167":0,"168":0,"169":0,"170":0,"171":0,"172":0,"173":1},"b":{"1":[0,0],"2":[0,0,0],"3":[0,0],"4":[0,0],"5":[0,0],"6":[0,0],"7":[0,0],"8":[0,0],"9":[0,0],"10":[0,0],"11":[0,0],"12":[0,0],"13":[0,0],"14":[0,0],"15":[0,0],"16":[0,0],"17":[0,0],"18":[0,0],"19":[0,0],"20":[0,0],"21":[0,0],"22":[0,0]},"f":{"1":0,"2":0,"3":0,"4":0,"5":0,"6":0,"7":0,"8":0,"9":0,"10":0,"11":0,"12":0,"13":0,"14":0,"15":0,"16":0,"17":0,"18":0,"19":0,"20":0,"21":0,"22":0,"23":0,"24":0,"25":0,"26":0,"27":0,"28":0,"29":0,"30":0,"31":0,"32":0,"33":0,"34":0,"35":0,"36":0,"37":0,"38":0,"39":0,"40":0,"41":0,"42":0,"43":0,"44":0,"45":0,"46":0,"47":0},"fnMap":{"1":{"name":"(anonymous_1)","line":7,"loc":{"start":{"line":7,"column":21},"end":{"line":7,"column":46}}},"2":{"name":"(anonymous_2)","line":18,"loc":{"start":{"line":18,"column":28},"end":{"line":18,"column":53}}},"3":{"name":"(anonymous_3)","line":31,"loc":{"start":{"line":31,"column":26},"end":{"line":31,"column":51}}},"4":{"name":"(anonymous_4)","line":44,"loc":{"start":{"line":44,"column":27},"end":{"line":44,"column":46}}},"5":{"name":"(anonymous_5)","line":50,"loc":{"start":{"line":50,"column":92},"end":{"line":50,"column":111}}},"6":{"name":"(anonymous_6)","line":73,"loc":{"start":{"line":73,"column":30},"end":{"line":73,"column":49}}},"7":{"name":"(anonymous_7)","line":78,"loc":{"start":{"line":78,"column":14},"end":{"line":78,"column":25}}},"8":{"name":"(anonymous_8)","line":79,"loc":{"start":{"line":79,"column":84},"end":{"line":79,"column":103}}},"9":{"name":"(anonymous_9)","line":94,"loc":{"start":{"line":94,"column":29},"end":{"line":94,"column":48}}},"10":{"name":"(anonymous_10)","line":97,"loc":{"start":{"line":97,"column":14},"end":{"line":97,"column":25}}},"11":{"name":"(anonymous_11)","line":98,"loc":{"start":{"line":98,"column":145},"end":{"line":98,"column":164}}},"12":{"name":"(anonymous_12)","line":100,"loc":{"start":{"line":100,"column":5},"end":{"line":100,"column":16}}},"13":{"name":"(anonymous_13)","line":116,"loc":{"start":{"line":116,"column":31},"end":{"line":116,"column":50}}},"14":{"name":"(anonymous_14)","line":122,"loc":{"start":{"line":122,"column":14},"end":{"line":122,"column":25}}},"15":{"name":"(anonymous_15)","line":123,"loc":{"start":{"line":123,"column":169},"end":{"line":123,"column":188}}},"16":{"name":"(anonymous_16)","line":140,"loc":{"start":{"line":140,"column":49},"end":{"line":140,"column":68}}},"17":{"name":"(anonymous_17)","line":144,"loc":{"start":{"line":144,"column":14},"end":{"line":144,"column":25}}},"18":{"name":"(anonymous_18)","line":145,"loc":{"start":{"line":145,"column":266},"end":{"line":145,"column":285}}},"19":{"name":"(anonymous_19)","line":149,"loc":{"start":{"line":149,"column":3},"end":{"line":149,"column":14}}},"20":{"name":"(anonymous_20)","line":165,"loc":{"start":{"line":165,"column":33},"end":{"line":165,"column":52}}},"21":{"name":"(anonymous_21)","line":168,"loc":{"start":{"line":168,"column":14},"end":{"line":168,"column":25}}},"22":{"name":"(anonymous_22)","line":169,"loc":{"start":{"line":169,"column":125},"end":{"line":169,"column":144}}},"23":{"name":"(anonymous_23)","line":171,"loc":{"start":{"line":171,"column":5},"end":{"line":171,"column":16}}},"24":{"name":"(anonymous_24)","line":188,"loc":{"start":{"line":188,"column":30},"end":{"line":188,"column":49}}},"25":{"name":"(anonymous_25)","line":191,"loc":{"start":{"line":191,"column":14},"end":{"line":191,"column":25}}},"26":{"name":"(anonymous_26)","line":192,"loc":{"start":{"line":192,"column":144},"end":{"line":192,"column":163}}},"27":{"name":"(anonymous_27)","line":194,"loc":{"start":{"line":194,"column":5},"end":{"line":194,"column":16}}},"28":{"name":"(anonymous_28)","line":211,"loc":{"start":{"line":211,"column":29},"end":{"line":211,"column":48}}},"29":{"name":"(anonymous_29)","line":216,"loc":{"start":{"line":216,"column":82},"end":{"line":216,"column":101}}},"30":{"name":"(anonymous_30)","line":223,"loc":{"start":{"line":223,"column":118},"end":{"line":223,"column":137}}},"31":{"name":"(anonymous_31)","line":241,"loc":{"start":{"line":241,"column":34},"end":{"line":241,"column":53}}},"32":{"name":"(anonymous_32)","line":247,"loc":{"start":{"line":247,"column":91},"end":{"line":247,"column":110}}},"33":{"name":"(anonymous_33)","line":265,"loc":{"start":{"line":265,"column":28},"end":{"line":265,"column":47}}},"34":{"name":"(anonymous_34)","line":267,"loc":{"start":{"line":267,"column":14},"end":{"line":267,"column":25}}},"35":{"name":"(anonymous_35)","line":268,"loc":{"start":{"line":268,"column":43},"end":{"line":268,"column":62}}},"36":{"name":"(anonymous_36)","line":270,"loc":{"start":{"line":270,"column":5},"end":{"line":270,"column":16}}},"37":{"name":"(anonymous_37)","line":283,"loc":{"start":{"line":283,"column":37},"end":{"line":283,"column":56}}},"38":{"name":"(anonymous_38)","line":288,"loc":{"start":{"line":288,"column":93},"end":{"line":288,"column":112}}},"39":{"name":"(anonymous_39)","line":290,"loc":{"start":{"line":290,"column":4},"end":{"line":290,"column":14}}},"40":{"name":"(anonymous_40)","line":307,"loc":{"start":{"line":307,"column":38},"end":{"line":307,"column":57}}},"41":{"name":"(anonymous_41)","line":312,"loc":{"start":{"line":312,"column":95},"end":{"line":312,"column":113}}},"42":{"name":"(anonymous_42)","line":315,"loc":{"start":{"line":315,"column":3},"end":{"line":315,"column":14}}},"43":{"name":"(anonymous_43)","line":333,"loc":{"start":{"line":333,"column":32},"end":{"line":333,"column":51}}},"44":{"name":"(anonymous_44)","line":386,"loc":{"start":{"line":386,"column":34},"end":{"line":386,"column":53}}},"45":{"name":"(anonymous_45)","line":438,"loc":{"start":{"line":438,"column":40},"end":{"line":438,"column":59}}},"46":{"name":"(anonymous_46)","line":442,"loc":{"start":{"line":442,"column":80},"end":{"line":442,"column":99}}},"47":{"name":"(anonymous_47)","line":445,"loc":{"start":{"line":445,"column":4},"end":{"line":445,"column":15}}}},"statementMap":{"1":{"start":{"line":1,"column":0},"end":{"line":1,"column":33}},"2":{"start":{"line":2,"column":0},"end":{"line":2,"column":30}},"3":{"start":{"line":3,"column":0},"end":{"line":3,"column":43}},"4":{"start":{"line":4,"column":0},"end":{"line":4,"column":43}},"5":{"start":{"line":5,"column":0},"end":{"line":5,"column":40}},"6":{"start":{"line":7,"column":0},"end":{"line":16,"column":3}},"7":{"start":{"line":9,"column":1},"end":{"line":15,"column":4}},"8":{"start":{"line":18,"column":0},"end":{"line":29,"column":3}},"9":{"start":{"line":20,"column":1},"end":{"line":20,"column":72}},"10":{"start":{"line":21,"column":1},"end":{"line":21,"column":28}},"11":{"start":{"line":22,"column":1},"end":{"line":22,"column":26}},"12":{"start":{"line":23,"column":1},"end":{"line":28,"column":4}},"13":{"start":{"line":31,"column":0},"end":{"line":40,"column":3}},"14":{"start":{"line":33,"column":1},"end":{"line":33,"column":28}},"15":{"start":{"line":34,"column":1},"end":{"line":39,"column":4}},"16":{"start":{"line":44,"column":0},"end":{"line":71,"column":3}},"17":{"start":{"line":45,"column":1},"end":{"line":45,"column":34}},"18":{"start":{"line":46,"column":1},"end":{"line":46,"column":28}},"19":{"start":{"line":47,"column":1},"end":{"line":47,"column":25}},"20":{"start":{"line":48,"column":1},"end":{"line":48,"column":92}},"21":{"start":{"line":49,"column":1},"end":{"line":70,"column":2}},"22":{"start":{"line":50,"column":2},"end":{"line":63,"column":5}},"23":{"start":{"line":51,"column":3},"end":{"line":61,"column":4}},"24":{"start":{"line":52,"column":4},"end":{"line":54,"column":7}},"25":{"start":{"line":56,"column":4},"end":{"line":60,"column":7}},"26":{"start":{"line":65,"column":2},"end":{"line":69,"column":5}},"27":{"start":{"line":73,"column":0},"end":{"line":92,"column":3}},"28":{"start":{"line":74,"column":1},"end":{"line":74,"column":26}},"29":{"start":{"line":75,"column":1},"end":{"line":75,"column":28}},"30":{"start":{"line":76,"column":1},"end":{"line":76,"column":37}},"31":{"start":{"line":78,"column":1},"end":{"line":91,"column":4}},"32":{"start":{"line":79,"column":2},"end":{"line":90,"column":5}},"33":{"start":{"line":80,"column":3},"end":{"line":89,"column":4}},"34":{"start":{"line":81,"column":4},"end":{"line":83,"column":7}},"35":{"start":{"line":85,"column":4},"end":{"line":88,"column":7}},"36":{"start":{"line":94,"column":0},"end":{"line":114,"column":3}},"37":{"start":{"line":96,"column":1},"end":{"line":96,"column":17}},"38":{"start":{"line":97,"column":1},"end":{"line":113,"column":4}},"39":{"start":{"line":98,"column":2},"end":{"line":112,"column":5}},"40":{"start":{"line":99,"column":3},"end":{"line":99,"column":20}},"41":{"start":{"line":101,"column":3},"end":{"line":111,"column":4}},"42":{"start":{"line":102,"column":4},"end":{"line":104,"column":7}},"43":{"start":{"line":106,"column":4},"end":{"line":110,"column":7}},"44":{"start":{"line":116,"column":0},"end":{"line":138,"column":3}},"45":{"start":{"line":117,"column":1},"end":{"line":117,"column":30}},"46":{"start":{"line":118,"column":1},"end":{"line":118,"column":34}},"47":{"start":{"line":119,"column":1},"end":{"line":119,"column":28}},"48":{"start":{"line":120,"column":1},"end":{"line":120,"column":34}},"49":{"start":{"line":122,"column":1},"end":{"line":137,"column":4}},"50":{"start":{"line":123,"column":2},"end":{"line":136,"column":5}},"51":{"start":{"line":124,"column":3},"end":{"line":135,"column":4}},"52":{"start":{"line":125,"column":4},"end":{"line":127,"column":7}},"53":{"start":{"line":129,"column":4},"end":{"line":134,"column":7}},"54":{"start":{"line":140,"column":0},"end":{"line":163,"column":3}},"55":{"start":{"line":141,"column":1},"end":{"line":141,"column":32}},"56":{"start":{"line":142,"column":1},"end":{"line":142,"column":36}},"57":{"start":{"line":143,"column":1},"end":{"line":143,"column":17}},"58":{"start":{"line":144,"column":1},"end":{"line":162,"column":4}},"59":{"start":{"line":145,"column":2},"end":{"line":161,"column":6}},"60":{"start":{"line":146,"column":4},"end":{"line":146,"column":21}},"61":{"start":{"line":150,"column":4},"end":{"line":160,"column":5}},"62":{"start":{"line":151,"column":5},"end":{"line":153,"column":8}},"63":{"start":{"line":155,"column":5},"end":{"line":159,"column":8}},"64":{"start":{"line":165,"column":0},"end":{"line":186,"column":3}},"65":{"start":{"line":166,"column":1},"end":{"line":166,"column":28}},"66":{"start":{"line":167,"column":1},"end":{"line":167,"column":17}},"67":{"start":{"line":168,"column":1},"end":{"line":185,"column":4}},"68":{"start":{"line":169,"column":2},"end":{"line":183,"column":5}},"69":{"start":{"line":170,"column":3},"end":{"line":170,"column":26}},"70":{"start":{"line":172,"column":3},"end":{"line":182,"column":4}},"71":{"start":{"line":173,"column":4},"end":{"line":175,"column":7}},"72":{"start":{"line":177,"column":4},"end":{"line":181,"column":7}},"73":{"start":{"line":188,"column":0},"end":{"line":209,"column":3}},"74":{"start":{"line":189,"column":1},"end":{"line":189,"column":24}},"75":{"start":{"line":190,"column":1},"end":{"line":190,"column":17}},"76":{"start":{"line":191,"column":1},"end":{"line":208,"column":4}},"77":{"start":{"line":192,"column":2},"end":{"line":206,"column":5}},"78":{"start":{"line":193,"column":3},"end":{"line":193,"column":20}},"79":{"start":{"line":195,"column":3},"end":{"line":205,"column":4}},"80":{"start":{"line":196,"column":4},"end":{"line":198,"column":7}},"81":{"start":{"line":200,"column":4},"end":{"line":204,"column":7}},"82":{"start":{"line":211,"column":0},"end":{"line":239,"column":3}},"83":{"start":{"line":212,"column":1},"end":{"line":212,"column":27}},"84":{"start":{"line":213,"column":1},"end":{"line":213,"column":34}},"85":{"start":{"line":214,"column":1},"end":{"line":214,"column":36}},"86":{"start":{"line":215,"column":1},"end":{"line":215,"column":34}},"87":{"start":{"line":216,"column":1},"end":{"line":222,"column":4}},"88":{"start":{"line":217,"column":2},"end":{"line":221,"column":3}},"89":{"start":{"line":218,"column":3},"end":{"line":220,"column":6}},"90":{"start":{"line":223,"column":1},"end":{"line":238,"column":4}},"91":{"start":{"line":224,"column":2},"end":{"line":237,"column":3}},"92":{"start":{"line":226,"column":3},"end":{"line":232,"column":6}},"93":{"start":{"line":233,"column":3},"end":{"line":233,"column":37}},"94":{"start":{"line":234,"column":3},"end":{"line":234,"column":38}},"95":{"start":{"line":235,"column":3},"end":{"line":235,"column":49}},"96":{"start":{"line":236,"column":3},"end":{"line":236,"column":50}},"97":{"start":{"line":241,"column":0},"end":{"line":263,"column":3}},"98":{"start":{"line":245,"column":1},"end":{"line":245,"column":28}},"99":{"start":{"line":246,"column":1},"end":{"line":246,"column":25}},"100":{"start":{"line":247,"column":1},"end":{"line":262,"column":4}},"101":{"start":{"line":249,"column":2},"end":{"line":261,"column":3}},"102":{"start":{"line":250,"column":3},"end":{"line":252,"column":6}},"103":{"start":{"line":254,"column":3},"end":{"line":260,"column":6}},"104":{"start":{"line":265,"column":0},"end":{"line":278,"column":3}},"105":{"start":{"line":266,"column":1},"end":{"line":266,"column":17}},"106":{"start":{"line":267,"column":1},"end":{"line":277,"column":4}},"107":{"start":{"line":268,"column":2},"end":{"line":276,"column":5}},"108":{"start":{"line":269,"column":3},"end":{"line":269,"column":20}},"109":{"start":{"line":271,"column":3},"end":{"line":275,"column":6}},"110":{"start":{"line":283,"column":0},"end":{"line":305,"column":3}},"111":{"start":{"line":284,"column":2},"end":{"line":284,"column":39}},"112":{"start":{"line":285,"column":2},"end":{"line":285,"column":38}},"113":{"start":{"line":286,"column":2},"end":{"line":286,"column":18}},"114":{"start":{"line":288,"column":2},"end":{"line":304,"column":6}},"115":{"start":{"line":289,"column":3},"end":{"line":289,"column":20}},"116":{"start":{"line":291,"column":3},"end":{"line":303,"column":4}},"117":{"start":{"line":292,"column":4},"end":{"line":294,"column":6}},"118":{"start":{"line":296,"column":4},"end":{"line":301,"column":7}},"119":{"start":{"line":307,"column":0},"end":{"line":331,"column":3}},"120":{"start":{"line":309,"column":1},"end":{"line":309,"column":38}},"121":{"start":{"line":310,"column":1},"end":{"line":310,"column":17}},"122":{"start":{"line":312,"column":1},"end":{"line":329,"column":4}},"123":{"start":{"line":313,"column":2},"end":{"line":313,"column":19}},"124":{"start":{"line":316,"column":2},"end":{"line":328,"column":3}},"125":{"start":{"line":317,"column":3},"end":{"line":319,"column":6}},"126":{"start":{"line":321,"column":3},"end":{"line":326,"column":6}},"127":{"start":{"line":333,"column":0},"end":{"line":383,"column":3}},"128":{"start":{"line":334,"column":4},"end":{"line":334,"column":26}},"129":{"start":{"line":335,"column":4},"end":{"line":335,"column":27}},"130":{"start":{"line":337,"column":1},"end":{"line":337,"column":38}},"131":{"start":{"line":339,"column":4},"end":{"line":347,"column":5}},"132":{"start":{"line":340,"column":8},"end":{"line":346,"column":9}},"133":{"start":{"line":342,"column":12},"end":{"line":342,"column":47}},"134":{"start":{"line":343,"column":12},"end":{"line":343,"column":36}},"135":{"start":{"line":345,"column":12},"end":{"line":345,"column":40}},"136":{"start":{"line":349,"column":4},"end":{"line":357,"column":5}},"137":{"start":{"line":350,"column":8},"end":{"line":356,"column":9}},"138":{"start":{"line":352,"column":12},"end":{"line":352,"column":48}},"139":{"start":{"line":353,"column":12},"end":{"line":353,"column":36}},"140":{"start":{"line":355,"column":12},"end":{"line":355,"column":41}},"141":{"start":{"line":358,"column":4},"end":{"line":358,"column":30}},"142":{"start":{"line":359,"column":4},"end":{"line":359,"column":31}},"143":{"start":{"line":362,"column":8},"end":{"line":382,"column":9}},"144":{"start":{"line":363,"column":11},"end":{"line":366,"column":15}},"145":{"start":{"line":368,"column":12},"end":{"line":374,"column":15}},"146":{"start":{"line":386,"column":0},"end":{"line":435,"column":3}},"147":{"start":{"line":387,"column":4},"end":{"line":387,"column":26}},"148":{"start":{"line":388,"column":4},"end":{"line":388,"column":27}},"149":{"start":{"line":390,"column":2},"end":{"line":390,"column":39}},"150":{"start":{"line":392,"column":4},"end":{"line":400,"column":5}},"151":{"start":{"line":393,"column":8},"end":{"line":399,"column":9}},"152":{"start":{"line":395,"column":12},"end":{"line":395,"column":47}},"153":{"start":{"line":396,"column":12},"end":{"line":396,"column":36}},"154":{"start":{"line":398,"column":12},"end":{"line":398,"column":40}},"155":{"start":{"line":402,"column":4},"end":{"line":410,"column":5}},"156":{"start":{"line":403,"column":8},"end":{"line":409,"column":9}},"157":{"start":{"line":405,"column":12},"end":{"line":405,"column":48}},"158":{"start":{"line":406,"column":12},"end":{"line":406,"column":36}},"159":{"start":{"line":408,"column":12},"end":{"line":408,"column":41}},"160":{"start":{"line":412,"column":4},"end":{"line":412,"column":30}},"161":{"start":{"line":413,"column":4},"end":{"line":413,"column":31}},"162":{"start":{"line":416,"column":8},"end":{"line":434,"column":9}},"163":{"start":{"line":417,"column":4},"end":{"line":419,"column":15}},"164":{"start":{"line":421,"column":11},"end":{"line":426,"column":18}},"165":{"start":{"line":438,"column":0},"end":{"line":459,"column":4}},"166":{"start":{"line":439,"column":1},"end":{"line":439,"column":38}},"167":{"start":{"line":440,"column":1},"end":{"line":440,"column":17}},"168":{"start":{"line":442,"column":2},"end":{"line":458,"column":5}},"169":{"start":{"line":443,"column":3},"end":{"line":443,"column":20}},"170":{"start":{"line":446,"column":3},"end":{"line":457,"column":4}},"171":{"start":{"line":447,"column":4},"end":{"line":449,"column":6}},"172":{"start":{"line":451,"column":4},"end":{"line":455,"column":7}},"173":{"start":{"line":462,"column":0},"end":{"line":462,"column":24}}},"branchMap":{"1":{"line":49,"type":"if","locations":[{"start":{"line":49,"column":1},"end":{"line":49,"column":1}},{"start":{"line":49,"column":1},"end":{"line":49,"column":1}}]},"2":{"line":49,"type":"binary-expr","locations":[{"start":{"line":49,"column":5},"end":{"line":49,"column":28}},{"start":{"line":49,"column":32},"end":{"line":49,"column":53}},{"start":{"line":49,"column":57},"end":{"line":49,"column":78}}]},"3":{"line":51,"type":"if","locations":[{"start":{"line":51,"column":3},"end":{"line":51,"column":3}},{"start":{"line":51,"column":3},"end":{"line":51,"column":3}}]},"4":{"line":80,"type":"if","locations":[{"start":{"line":80,"column":3},"end":{"line":80,"column":3}},{"start":{"line":80,"column":3},"end":{"line":80,"column":3}}]},"5":{"line":101,"type":"if","locations":[{"start":{"line":101,"column":3},"end":{"line":101,"column":3}},{"start":{"line":101,"column":3},"end":{"line":101,"column":3}}]},"6":{"line":124,"type":"if","locations":[{"start":{"line":124,"column":3},"end":{"line":124,"column":3}},{"start":{"line":124,"column":3},"end":{"line":124,"column":3}}]},"7":{"line":150,"type":"if","locations":[{"start":{"line":150,"column":4},"end":{"line":150,"column":4}},{"start":{"line":150,"column":4},"end":{"line":150,"column":4}}]},"8":{"line":172,"type":"if","locations":[{"start":{"line":172,"column":3},"end":{"line":172,"column":3}},{"start":{"line":172,"column":3},"end":{"line":172,"column":3}}]},"9":{"line":195,"type":"if","locations":[{"start":{"line":195,"column":3},"end":{"line":195,"column":3}},{"start":{"line":195,"column":3},"end":{"line":195,"column":3}}]},"10":{"line":217,"type":"if","locations":[{"start":{"line":217,"column":2},"end":{"line":217,"column":2}},{"start":{"line":217,"column":2},"end":{"line":217,"column":2}}]},"11":{"line":224,"type":"if","locations":[{"start":{"line":224,"column":2},"end":{"line":224,"column":2}},{"start":{"line":224,"column":2},"end":{"line":224,"column":2}}]},"12":{"line":249,"type":"if","locations":[{"start":{"line":249,"column":2},"end":{"line":249,"column":2}},{"start":{"line":249,"column":2},"end":{"line":249,"column":2}}]},"13":{"line":291,"type":"if","locations":[{"start":{"line":291,"column":3},"end":{"line":291,"column":3}},{"start":{"line":291,"column":3},"end":{"line":291,"column":3}}]},"14":{"line":316,"type":"if","locations":[{"start":{"line":316,"column":2},"end":{"line":316,"column":2}},{"start":{"line":316,"column":2},"end":{"line":316,"column":2}}]},"15":{"line":340,"type":"if","locations":[{"start":{"line":340,"column":8},"end":{"line":340,"column":8}},{"start":{"line":340,"column":8},"end":{"line":340,"column":8}}]},"16":{"line":350,"type":"if","locations":[{"start":{"line":350,"column":8},"end":{"line":350,"column":8}},{"start":{"line":350,"column":8},"end":{"line":350,"column":8}}]},"17":{"line":362,"type":"if","locations":[{"start":{"line":362,"column":8},"end":{"line":362,"column":8}},{"start":{"line":362,"column":8},"end":{"line":362,"column":8}}]},"18":{"line":362,"type":"binary-expr","locations":[{"start":{"line":362,"column":12},"end":{"line":362,"column":36}},{"start":{"line":362,"column":40},"end":{"line":362,"column":65}}]},"19":{"line":393,"type":"if","locations":[{"start":{"line":393,"column":8},"end":{"line":393,"column":8}},{"start":{"line":393,"column":8},"end":{"line":393,"column":8}}]},"20":{"line":403,"type":"if","locations":[{"start":{"line":403,"column":8},"end":{"line":403,"column":8}},{"start":{"line":403,"column":8},"end":{"line":403,"column":8}}]},"21":{"line":416,"type":"if","locations":[{"start":{"line":416,"column":8},"end":{"line":416,"column":8}},{"start":{"line":416,"column":8},"end":{"line":416,"column":8}}]},"22":{"line":446,"type":"if","locations":[{"start":{"line":446,"column":3},"end":{"line":446,"column":3}},{"start":{"line":446,"column":3},"end":{"line":446,"column":3}}]}}},"/Users/home/Desktop/SB4-MAYDAY/routes/performance.js":{"path":"/Users/home/Desktop/SB4-MAYDAY/routes/performance.js","s":{"1":1,"2":1,"3":1,"4":1,"5":1,"6":1,"7":1,"8":1,"9":1,"10":1,"11":0,"12":0,"13":0,"14":0,"15":0,"16":0,"17":0,"18":0,"19":0,"20":0,"21":0,"22":0,"23":0,"24":0,"25":0,"26":1,"27":1,"28":0,"29":0,"30":0,"31":0,"32":0,"33":0,"34":0,"35":0,"36":0,"37":0,"38":0,"39":0,"40":0,"41":0,"42":1,"43":0,"44":0,"45":0,"46":0,"47":0,"48":0,"49":0,"50":1,"51":0,"52":0,"53":1,"54":0,"55":0,"56":1},"b":{"1":[0,1],"2":[0,0],"3":[0,0],"4":[0,0]},"f":{"1":0,"2":0,"3":0,"4":0,"5":0,"6":0,"7":0,"8":0,"9":0,"10":0,"11":0},"fnMap":{"1":{"name":"(anonymous_1)","line":15,"loc":{"start":{"line":15,"column":15},"end":{"line":15,"column":26}}},"2":{"name":"(anonymous_2)","line":34,"loc":{"start":{"line":34,"column":30},"end":{"line":34,"column":49}}},"3":{"name":"(anonymous_3)","line":41,"loc":{"start":{"line":41,"column":15},"end":{"line":41,"column":26}}},"4":{"name":"(anonymous_4)","line":49,"loc":{"start":{"line":49,"column":14},"end":{"line":49,"column":25}}},"5":{"name":"(anonymous_5)","line":51,"loc":{"start":{"line":51,"column":84},"end":{"line":51,"column":103}}},"6":{"name":"(anonymous_6)","line":67,"loc":{"start":{"line":67,"column":29},"end":{"line":67,"column":48}}},"7":{"name":"(anonymous_7)","line":70,"loc":{"start":{"line":70,"column":14},"end":{"line":70,"column":25}}},"8":{"name":"(anonymous_8)","line":71,"loc":{"start":{"line":71,"column":145},"end":{"line":71,"column":164}}},"9":{"name":"(anonymous_9)","line":73,"loc":{"start":{"line":73,"column":5},"end":{"line":73,"column":16}}},"10":{"name":"(anonymous_10)","line":89,"loc":{"start":{"line":89,"column":28},"end":{"line":89,"column":47}}},"11":{"name":"(anonymous_11)","line":96,"loc":{"start":{"line":96,"column":27},"end":{"line":96,"column":46}}}},"statementMap":{"1":{"start":{"line":1,"column":0},"end":{"line":1,"column":33}},"2":{"start":{"line":2,"column":0},"end":{"line":2,"column":30}},"3":{"start":{"line":3,"column":0},"end":{"line":3,"column":43}},"4":{"start":{"line":4,"column":0},"end":{"line":4,"column":23}},"5":{"start":{"line":5,"column":0},"end":{"line":5,"column":27}},"6":{"start":{"line":6,"column":0},"end":{"line":6,"column":33}},"7":{"start":{"line":7,"column":0},"end":{"line":7,"column":40}},"8":{"start":{"line":8,"column":0},"end":{"line":8,"column":20}},"9":{"start":{"line":10,"column":0},"end":{"line":10,"column":36}},"10":{"start":{"line":12,"column":0},"end":{"line":32,"column":1}},"11":{"start":{"line":13,"column":2},"end":{"line":13,"column":35}},"12":{"start":{"line":14,"column":2},"end":{"line":14,"column":25}},"13":{"start":{"line":15,"column":2},"end":{"line":28,"column":5}},"14":{"start":{"line":16,"column":4},"end":{"line":16,"column":99}},"15":{"start":{"line":17,"column":4},"end":{"line":17,"column":67}},"16":{"start":{"line":18,"column":4},"end":{"line":18,"column":59}},"17":{"start":{"line":19,"column":4},"end":{"line":19,"column":61}},"18":{"start":{"line":20,"column":4},"end":{"line":20,"column":65}},"19":{"start":{"line":21,"column":4},"end":{"line":21,"column":240}},"20":{"start":{"line":22,"column":4},"end":{"line":22,"column":196}},"21":{"start":{"line":23,"column":4},"end":{"line":23,"column":267}},"22":{"start":{"line":24,"column":4},"end":{"line":24,"column":137}},"23":{"start":{"line":25,"column":4},"end":{"line":25,"column":203}},"24":{"start":{"line":26,"column":4},"end":{"line":26,"column":77}},"25":{"start":{"line":29,"column":2},"end":{"line":29,"column":34}},"26":{"start":{"line":31,"column":2},"end":{"line":31,"column":32}},"27":{"start":{"line":34,"column":0},"end":{"line":65,"column":3}},"28":{"start":{"line":35,"column":1},"end":{"line":35,"column":26}},"29":{"start":{"line":36,"column":1},"end":{"line":36,"column":28}},"30":{"start":{"line":37,"column":1},"end":{"line":37,"column":51}},"31":{"start":{"line":39,"column":1},"end":{"line":48,"column":2}},"32":{"start":{"line":40,"column":2},"end":{"line":40,"column":36}},"33":{"start":{"line":41,"column":2},"end":{"line":44,"column":4}},"34":{"start":{"line":43,"column":2},"end":{"line":43,"column":49}},"35":{"start":{"line":45,"column":4},"end":{"line":45,"column":20}},"36":{"start":{"line":49,"column":1},"end":{"line":64,"column":4}},"37":{"start":{"line":51,"column":2},"end":{"line":63,"column":5}},"38":{"start":{"line":52,"column":3},"end":{"line":62,"column":4}},"39":{"start":{"line":53,"column":4},"end":{"line":55,"column":7}},"40":{"start":{"line":57,"column":4},"end":{"line":57,"column":18}},"41":{"start":{"line":58,"column":4},"end":{"line":61,"column":7}},"42":{"start":{"line":67,"column":0},"end":{"line":87,"column":3}},"43":{"start":{"line":69,"column":1},"end":{"line":69,"column":17}},"44":{"start":{"line":70,"column":1},"end":{"line":86,"column":4}},"45":{"start":{"line":71,"column":2},"end":{"line":85,"column":5}},"46":{"start":{"line":72,"column":3},"end":{"line":72,"column":20}},"47":{"start":{"line":74,"column":3},"end":{"line":84,"column":4}},"48":{"start":{"line":75,"column":4},"end":{"line":77,"column":7}},"49":{"start":{"line":79,"column":4},"end":{"line":83,"column":7}},"50":{"start":{"line":89,"column":0},"end":{"line":94,"column":3}},"51":{"start":{"line":90,"column":1},"end":{"line":90,"column":21}},"52":{"start":{"line":91,"column":1},"end":{"line":93,"column":7}},"53":{"start":{"line":96,"column":0},"end":{"line":101,"column":3}},"54":{"start":{"line":97,"column":1},"end":{"line":97,"column":28}},"55":{"start":{"line":98,"column":1},"end":{"line":100,"column":7}},"56":{"start":{"line":104,"column":0},"end":{"line":104,"column":24}}},"branchMap":{"1":{"line":12,"type":"if","locations":[{"start":{"line":12,"column":0},"end":{"line":12,"column":0}},{"start":{"line":12,"column":0},"end":{"line":12,"column":0}}]},"2":{"line":39,"type":"if","locations":[{"start":{"line":39,"column":1},"end":{"line":39,"column":1}},{"start":{"line":39,"column":1},"end":{"line":39,"column":1}}]},"3":{"line":52,"type":"if","locations":[{"start":{"line":52,"column":3},"end":{"line":52,"column":3}},{"start":{"line":52,"column":3},"end":{"line":52,"column":3}}]},"4":{"line":74,"type":"if","locations":[{"start":{"line":74,"column":3},"end":{"line":74,"column":3}},{"start":{"line":74,"column":3},"end":{"line":74,"column":3}}]}}},"/Users/home/Desktop/SB4-MAYDAY/routes/search.js":{"path":"/Users/home/Desktop/SB4-MAYDAY/routes/search.js","s":{"1":1,"2":1,"3":1,"4":1,"5":1,"6":1,"7":1,"8":0,"9":0,"10":0,"11":0,"12":0,"13":0,"14":0,"15":0,"16":0,"17":0,"18":0,"19":0,"20":0,"21":0,"22":0,"23":0,"24":1,"25":0,"26":0,"27":0,"28":0,"29":0,"30":0,"31":0,"32":0,"33":0,"34":0,"35":0,"36":0,"37":0,"38":0,"39":0,"40":0,"41":0,"42":0,"43":1,"44":0,"45":0,"46":0,"47":0,"48":0,"49":0,"50":0,"51":1,"52":0,"53":0,"54":0,"55":0,"56":0,"57":0,"58":0,"59":0,"60":1,"61":0,"62":0,"63":0,"64":0,"65":0,"66":0,"67":0,"68":0,"69":0,"70":0,"71":1},"b":{"1":[0,0],"2":[0,0],"3":[0,0],"4":[0,0],"5":[0,0],"6":[0,0],"7":[0,0],"8":[0,0],"9":[0,0],"10":[0,0]},"f":{"1":0,"2":0,"3":0,"4":0,"5":0,"6":0,"7":0,"8":0,"9":0,"10":0,"11":0},"fnMap":{"1":{"name":"(anonymous_1)","line":10,"loc":{"start":{"line":10,"column":21},"end":{"line":10,"column":40}}},"2":{"name":"(anonymous_2)","line":50,"loc":{"start":{"line":50,"column":23},"end":{"line":50,"column":42}}},"3":{"name":"(anonymous_3)","line":96,"loc":{"start":{"line":96,"column":29},"end":{"line":96,"column":48}}},"4":{"name":"(anonymous_4)","line":100,"loc":{"start":{"line":100,"column":100},"end":{"line":100,"column":119}}},"5":{"name":"(anonymous_5)","line":103,"loc":{"start":{"line":103,"column":4},"end":{"line":103,"column":15}}},"6":{"name":"(anonymous_6)","line":123,"loc":{"start":{"line":123,"column":26},"end":{"line":123,"column":45}}},"7":{"name":"(anonymous_7)","line":128,"loc":{"start":{"line":128,"column":93},"end":{"line":128,"column":112}}},"8":{"name":"(anonymous_8)","line":130,"loc":{"start":{"line":130,"column":4},"end":{"line":130,"column":14}}},"9":{"name":"(anonymous_9)","line":148,"loc":{"start":{"line":148,"column":27},"end":{"line":148,"column":46}}},"10":{"name":"(anonymous_10)","line":154,"loc":{"start":{"line":154,"column":100},"end":{"line":154,"column":118}}},"11":{"name":"(anonymous_11)","line":159,"loc":{"start":{"line":159,"column":3},"end":{"line":159,"column":14}}}},"statementMap":{"1":{"start":{"line":1,"column":0},"end":{"line":1,"column":33}},"2":{"start":{"line":2,"column":0},"end":{"line":2,"column":30}},"3":{"start":{"line":3,"column":0},"end":{"line":3,"column":32}},"4":{"start":{"line":4,"column":0},"end":{"line":4,"column":43}},"5":{"start":{"line":5,"column":0},"end":{"line":5,"column":43}},"6":{"start":{"line":6,"column":0},"end":{"line":6,"column":20}},"7":{"start":{"line":10,"column":0},"end":{"line":47,"column":3}},"8":{"start":{"line":11,"column":4},"end":{"line":11,"column":26}},"9":{"start":{"line":12,"column":4},"end":{"line":12,"column":27}},"10":{"start":{"line":13,"column":4},"end":{"line":13,"column":43}},"11":{"start":{"line":14,"column":4},"end":{"line":21,"column":5}},"12":{"start":{"line":15,"column":8},"end":{"line":20,"column":9}},"13":{"start":{"line":16,"column":12},"end":{"line":16,"column":47}},"14":{"start":{"line":17,"column":12},"end":{"line":17,"column":36}},"15":{"start":{"line":19,"column":12},"end":{"line":19,"column":40}},"16":{"start":{"line":23,"column":4},"end":{"line":31,"column":5}},"17":{"start":{"line":24,"column":8},"end":{"line":30,"column":9}},"18":{"start":{"line":26,"column":12},"end":{"line":26,"column":48}},"19":{"start":{"line":27,"column":12},"end":{"line":27,"column":36}},"20":{"start":{"line":29,"column":12},"end":{"line":29,"column":41}},"21":{"start":{"line":32,"column":8},"end":{"line":46,"column":9}},"22":{"start":{"line":33,"column":12},"end":{"line":36,"column":15}},"23":{"start":{"line":38,"column":12},"end":{"line":44,"column":15}},"24":{"start":{"line":50,"column":0},"end":{"line":93,"column":3}},"25":{"start":{"line":51,"column":4},"end":{"line":51,"column":26}},"26":{"start":{"line":52,"column":4},"end":{"line":52,"column":27}},"27":{"start":{"line":54,"column":4},"end":{"line":54,"column":43}},"28":{"start":{"line":56,"column":4},"end":{"line":63,"column":5}},"29":{"start":{"line":57,"column":8},"end":{"line":62,"column":9}},"30":{"start":{"line":58,"column":12},"end":{"line":58,"column":47}},"31":{"start":{"line":59,"column":12},"end":{"line":59,"column":36}},"32":{"start":{"line":61,"column":12},"end":{"line":61,"column":40}},"33":{"start":{"line":65,"column":4},"end":{"line":73,"column":5}},"34":{"start":{"line":66,"column":8},"end":{"line":72,"column":9}},"35":{"start":{"line":68,"column":12},"end":{"line":68,"column":48}},"36":{"start":{"line":69,"column":12},"end":{"line":69,"column":36}},"37":{"start":{"line":71,"column":12},"end":{"line":71,"column":41}},"38":{"start":{"line":75,"column":4},"end":{"line":75,"column":30}},"39":{"start":{"line":76,"column":4},"end":{"line":76,"column":31}},"40":{"start":{"line":79,"column":8},"end":{"line":92,"column":9}},"41":{"start":{"line":80,"column":12},"end":{"line":83,"column":15}},"42":{"start":{"line":85,"column":12},"end":{"line":91,"column":15}},"43":{"start":{"line":96,"column":0},"end":{"line":119,"column":4}},"44":{"start":{"line":97,"column":1},"end":{"line":97,"column":40}},"45":{"start":{"line":98,"column":1},"end":{"line":98,"column":17}},"46":{"start":{"line":100,"column":2},"end":{"line":118,"column":5}},"47":{"start":{"line":101,"column":3},"end":{"line":101,"column":20}},"48":{"start":{"line":104,"column":3},"end":{"line":117,"column":4}},"49":{"start":{"line":105,"column":3},"end":{"line":108,"column":7}},"50":{"start":{"line":110,"column":3},"end":{"line":115,"column":7}},"51":{"start":{"line":123,"column":0},"end":{"line":145,"column":3}},"52":{"start":{"line":124,"column":2},"end":{"line":124,"column":41}},"53":{"start":{"line":125,"column":2},"end":{"line":125,"column":38}},"54":{"start":{"line":126,"column":2},"end":{"line":126,"column":18}},"55":{"start":{"line":128,"column":2},"end":{"line":144,"column":6}},"56":{"start":{"line":129,"column":3},"end":{"line":129,"column":20}},"57":{"start":{"line":131,"column":3},"end":{"line":143,"column":4}},"58":{"start":{"line":132,"column":3},"end":{"line":135,"column":7}},"59":{"start":{"line":137,"column":4},"end":{"line":142,"column":7}},"60":{"start":{"line":148,"column":0},"end":{"line":175,"column":3}},"61":{"start":{"line":150,"column":1},"end":{"line":150,"column":40}},"62":{"start":{"line":151,"column":4},"end":{"line":151,"column":35}},"63":{"start":{"line":152,"column":1},"end":{"line":152,"column":17}},"64":{"start":{"line":154,"column":1},"end":{"line":173,"column":4}},"65":{"start":{"line":155,"column":2},"end":{"line":155,"column":19}},"66":{"start":{"line":156,"column":8},"end":{"line":156,"column":35}},"67":{"start":{"line":157,"column":8},"end":{"line":157,"column":45}},"68":{"start":{"line":160,"column":2},"end":{"line":172,"column":3}},"69":{"start":{"line":161,"column":3},"end":{"line":164,"column":6}},"70":{"start":{"line":166,"column":4},"end":{"line":171,"column":7}},"71":{"start":{"line":177,"column":0},"end":{"line":177,"column":24}}},"branchMap":{"1":{"line":15,"type":"if","locations":[{"start":{"line":15,"column":8},"end":{"line":15,"column":8}},{"start":{"line":15,"column":8},"end":{"line":15,"column":8}}]},"2":{"line":24,"type":"if","locations":[{"start":{"line":24,"column":8},"end":{"line":24,"column":8}},{"start":{"line":24,"column":8},"end":{"line":24,"column":8}}]},"3":{"line":32,"type":"if","locations":[{"start":{"line":32,"column":8},"end":{"line":32,"column":8}},{"start":{"line":32,"column":8},"end":{"line":32,"column":8}}]},"4":{"line":32,"type":"binary-expr","locations":[{"start":{"line":32,"column":12},"end":{"line":32,"column":36}},{"start":{"line":32,"column":40},"end":{"line":32,"column":65}}]},"5":{"line":57,"type":"if","locations":[{"start":{"line":57,"column":8},"end":{"line":57,"column":8}},{"start":{"line":57,"column":8},"end":{"line":57,"column":8}}]},"6":{"line":66,"type":"if","locations":[{"start":{"line":66,"column":8},"end":{"line":66,"column":8}},{"start":{"line":66,"column":8},"end":{"line":66,"column":8}}]},"7":{"line":79,"type":"if","locations":[{"start":{"line":79,"column":8},"end":{"line":79,"column":8}},{"start":{"line":79,"column":8},"end":{"line":79,"column":8}}]},"8":{"line":104,"type":"if","locations":[{"start":{"line":104,"column":3},"end":{"line":104,"column":3}},{"start":{"line":104,"column":3},"end":{"line":104,"column":3}}]},"9":{"line":131,"type":"if","locations":[{"start":{"line":131,"column":3},"end":{"line":131,"column":3}},{"start":{"line":131,"column":3},"end":{"line":131,"column":3}}]},"10":{"line":160,"type":"if","locations":[{"start":{"line":160,"column":2},"end":{"line":160,"column":2}},{"start":{"line":160,"column":2},"end":{"line":160,"column":2}}]}}}}