TN:
SF:/Users/home/Desktop/SB4-MAYDAY/app.js
FN:47,(anonymous_1)
FN:65,(anonymous_2)
FN:95,(anonymous_3)
FN:121,(anonymous_4)
FN:131,(anonymous_5)
FN:143,(anonymous_6)
FN:169,(anonymous_7)
FN:174,(anonymous_8)
FN:180,(anonymous_9)
FN:185,(anonymous_10)
FN:188,(anonymous_11)
FN:190,(anonymous_12)
FN:193,(anonymous_13)
FN:201,(anonymous_14)
FN:204,(anonymous_15)
FN:224,(anonymous_16)
FN:235,(anonymous_17)
FN:239,(anonymous_18)
FN:240,(anonymous_19)
FN:243,(anonymous_20)
FN:261,(anonymous_21)
FN:263,(anonymous_22)
FN:265,(anonymous_23)
FN:268,(anonymous_24)
FN:276,(anonymous_25)
FN:278,(anonymous_26)
FN:280,(anonymous_27)
FN:283,(anonymous_28)
FN:292,(anonymous_29)
FN:313,disc
FN:349,(anonymous_31)
FN:353,(anonymous_32)
FN:355,(anonymous_33)
FN:361,(anonymous_34)
FN:370,(anonymous_35)
FN:372,(anonymous_36)
FN:374,(anonymous_37)
FN:378,(anonymous_38)
FNF:38
FNH:1
FNDA:0,(anonymous_1)
FNDA:5,(anonymous_2)
FNDA:0,(anonymous_3)
FNDA:0,(anonymous_4)
FNDA:0,(anonymous_5)
FNDA:0,(anonymous_6)
FNDA:0,(anonymous_7)
FNDA:0,(anonymous_8)
FNDA:0,(anonymous_9)
FNDA:0,(anonymous_10)
FNDA:0,(anonymous_11)
FNDA:0,(anonymous_12)
FNDA:0,(anonymous_13)
FNDA:0,(anonymous_14)
FNDA:0,(anonymous_15)
FNDA:0,(anonymous_16)
FNDA:0,(anonymous_17)
FNDA:0,(anonymous_18)
FNDA:0,(anonymous_19)
FNDA:0,(anonymous_20)
FNDA:0,(anonymous_21)
FNDA:0,(anonymous_22)
FNDA:0,(anonymous_23)
FNDA:0,(anonymous_24)
FNDA:0,(anonymous_25)
FNDA:0,(anonymous_26)
FNDA:0,(anonymous_27)
FNDA:0,(anonymous_28)
FNDA:0,(anonymous_29)
FNDA:0,disc
FNDA:0,(anonymous_31)
FNDA:0,(anonymous_32)
FNDA:0,(anonymous_33)
FNDA:0,(anonymous_34)
FNDA:0,(anonymous_35)
FNDA:0,(anonymous_36)
FNDA:0,(anonymous_37)
FNDA:0,(anonymous_38)
DA:1,1
DA:2,1
DA:4,1
DA:5,1
DA:6,1
DA:7,1
DA:9,1
DA:10,1
DA:12,1
DA:13,1
DA:14,1
DA:15,1
DA:16,1
DA:18,1
DA:24,1
DA:25,1
DA:26,1
DA:32,1
DA:33,1
DA:35,1
DA:36,1
DA:37,1
DA:38,1
DA:39,1
DA:40,1
DA:41,1
DA:42,1
DA:44,1
DA:45,0
DA:46,0
DA:47,0
DA:48,0
DA:49,0
DA:50,0
DA:51,0
DA:52,0
DA:53,0
DA:54,0
DA:55,0
DA:58,0
DA:61,0
DA:63,1
DA:65,1
DA:66,5
DA:67,5
DA:68,5
DA:69,5
DA:70,5
DA:72,5
DA:73,5
DA:81,1
DA:82,1
DA:83,1
DA:84,1
DA:87,1
DA:88,1
DA:89,1
DA:95,1
DA:96,0
DA:97,0
DA:99,0
DA:105,0
DA:109,1
DA:111,1
DA:112,1
DA:113,1
DA:114,1
DA:115,1
DA:116,1
DA:121,1
DA:122,0
DA:123,0
DA:124,0
DA:130,1
DA:131,1
DA:132,0
DA:133,0
DA:143,1
DA:144,0
DA:145,0
DA:162,1
DA:164,1
DA:165,1
DA:166,1
DA:168,1
DA:169,0
DA:170,0
DA:174,1
DA:175,0
DA:180,1
DA:185,0
DA:187,0
DA:188,0
DA:189,0
DA:190,0
DA:191,0
DA:192,0
DA:194,0
DA:195,0
DA:201,0
DA:202,0
DA:204,0
DA:205,0
DA:210,0
DA:212,0
DA:213,0
DA:214,0
DA:215,0
DA:216,0
DA:224,0
DA:225,0
DA:226,0
DA:227,0
DA:228,0
DA:229,0
DA:235,0
DA:236,0
DA:237,0
DA:238,0
DA:239,0
DA:240,0
DA:241,0
DA:244,0
DA:245,0
DA:248,0
DA:249,0
DA:250,0
DA:251,0
DA:253,0
DA:255,0
DA:261,0
DA:262,0
DA:263,0
DA:265,0
DA:267,0
DA:269,0
DA:276,0
DA:277,0
DA:278,0
DA:280,0
DA:282,0
DA:284,0
DA:292,0
DA:293,0
DA:296,0
DA:297,0
DA:298,0
DA:299,0
DA:300,0
DA:303,0
DA:305,0
DA:310,0
DA:311,0
DA:313,1
DA:314,0
DA:315,0
DA:316,0
DA:317,0
DA:318,0
DA:320,0
DA:325,0
DA:327,0
DA:332,0
DA:333,0
DA:338,0
DA:340,0
DA:342,0
DA:349,0
DA:350,0
DA:352,0
DA:353,0
DA:355,0
DA:356,0
DA:357,0
DA:358,0
DA:362,0
DA:370,0
DA:371,0
DA:372,0
DA:373,0
DA:375,0
DA:376,0
DA:379,0
LF:183
LH:64
BRDA:44,1,0,0
BRDA:44,1,1,1
BRDA:97,2,0,0
BRDA:97,2,1,0
BRDA:97,3,0,0
BRDA:97,3,1,0
BRDA:130,4,0,1
BRDA:130,4,1,0
BRDA:132,5,0,0
BRDA:132,5,1,0
BRDA:144,6,0,0
BRDA:144,6,1,0
BRDA:168,7,0,0
BRDA:168,7,1,1
BRDA:215,8,0,0
BRDA:215,8,1,0
BRDA:215,9,0,0
BRDA:215,9,1,0
BRDA:215,9,2,0
BRDA:228,10,0,0
BRDA:228,10,1,0
BRDA:228,11,0,0
BRDA:228,11,1,0
BRDA:228,11,2,0
BRDA:251,12,0,0
BRDA:251,12,1,0
BRDA:251,13,0,0
BRDA:251,13,1,0
BRDA:298,14,0,0
BRDA:298,14,1,0
BRDA:298,15,0,0
BRDA:298,15,1,0
BRDA:315,16,0,0
BRDA:315,16,1,0
BRDA:332,17,0,0
BRDA:332,17,1,0
BRDA:332,18,0,0
BRDA:332,18,1,0
BRDA:356,19,0,0
BRDA:356,19,1,0
BRF:40
BRH:3
end_of_record
TN:
SF:/Users/home/Desktop/SB4-MAYDAY/routes/login.js
FN:11,(anonymous_1)
FN:17,(anonymous_2)
FN:22,(anonymous_3)
FN:53,(anonymous_4)
FN:59,(anonymous_5)
FN:85,(anonymous_6)
FNF:6
FNH:0
FNDA:0,(anonymous_1)
FNDA:0,(anonymous_2)
FNDA:0,(anonymous_3)
FNDA:0,(anonymous_4)
FNDA:0,(anonymous_5)
FNDA:0,(anonymous_6)
DA:1,1
DA:2,1
DA:3,1
DA:4,1
DA:5,1
DA:6,1
DA:8,1
DA:11,1
DA:12,0
DA:13,0
DA:17,1
DA:18,0
DA:19,0
DA:20,0
DA:22,0
DA:23,0
DA:24,0
DA:25,0
DA:26,0
DA:32,0
DA:33,0
DA:36,0
DA:37,0
DA:45,0
DA:53,1
DA:54,0
DA:55,0
DA:56,0
DA:57,0
DA:59,0
DA:60,0
DA:61,0
DA:62,0
DA:67,0
DA:68,0
DA:69,0
DA:71,0
DA:79,0
DA:85,0
DA:86,0
DA:87,0
DA:91,0
DA:97,0
DA:98,0
DA:99,0
DA:100,0
DA:101,0
DA:102,0
DA:103,0
DA:104,0
DA:105,0
DA:119,1
LF:52
LH:11
BRDA:23,1,0,0
BRDA:23,1,1,0
BRDA:23,2,0,0
BRDA:23,2,1,0
BRDA:60,3,0,0
BRDA:60,3,1,0
BRDA:61,4,0,0
BRDA:61,4,1,0
BRDA:61,5,0,0
BRDA:61,5,1,0
BRDA:86,6,0,0
BRDA:86,6,1,0
BRF:12
BRH:0
end_of_record
TN:
SF:/Users/home/Desktop/SB4-MAYDAY/routes/logout.js
FN:6,(anonymous_1)
FNF:1
FNH:0
FNDA:0,(anonymous_1)
DA:1,1
DA:2,1
DA:6,1
DA:7,0
DA:8,0
DA:9,0
DA:10,0
DA:11,0
DA:15,1
LF:9
LH:4
BRF:0
BRH:0
end_of_record
TN:
SF:/Users/home/Desktop/SB4-MAYDAY/routes/welcome.js
FN:8,(anonymous_1)
FN:26,(anonymous_2)
FN:74,(anonymous_3)
FN:78,(anonymous_4)
FN:85,(anonymous_5)
FNF:5
FNH:0
FNDA:0,(anonymous_1)
FNDA:0,(anonymous_2)
FNDA:0,(anonymous_3)
FNDA:0,(anonymous_4)
FNDA:0,(anonymous_5)
DA:1,1
DA:2,1
DA:3,1
DA:4,1
DA:5,1
DA:8,1
DA:10,0
DA:12,0
DA:17,0
DA:26,1
DA:27,0
DA:29,0
DA:30,0
DA:36,0
DA:37,0
DA:38,0
DA:39,0
DA:41,0
DA:45,0
DA:51,0
DA:57,0
DA:64,0
DA:74,1
DA:75,0
DA:76,0
DA:77,0
DA:78,0
DA:79,0
DA:80,0
DA:85,0
DA:86,0
DA:87,0
DA:94,0
DA:95,0
DA:96,0
DA:97,0
DA:98,0
DA:104,1
LF:38
LH:9
BRDA:10,1,0,0
BRDA:10,1,1,0
BRDA:10,2,0,0
BRDA:10,2,1,0
BRDA:10,2,2,0
BRDA:29,3,0,0
BRDA:29,3,1,0
BRDA:29,4,0,0
BRDA:29,4,1,0
BRDA:36,5,0,0
BRDA:36,5,1,0
BRDA:36,6,0,0
BRDA:36,6,1,0
BRDA:79,7,0,0
BRDA:79,7,1,0
BRDA:86,8,0,0
BRDA:86,8,1,0
BRF:17
BRH:0
end_of_record
TN:
SF:/Users/home/Desktop/SB4-MAYDAY/routes/announcement.js
FN:15,(anonymous_1)
FN:19,(anonymous_2)
FN:56,(anonymous_3)
FN:58,(anonymous_4)
FN:59,(anonymous_5)
FN:61,(anonymous_6)
FNF:6
FNH:0
FNDA:0,(anonymous_1)
FNDA:0,(anonymous_2)
FNDA:0,(anonymous_3)
FNDA:0,(anonymous_4)
FNDA:0,(anonymous_5)
FNDA:0,(anonymous_6)
DA:1,1
DA:2,1
DA:3,1
DA:4,1
DA:5,1
DA:6,1
DA:7,1
DA:11,1
DA:15,1
DA:16,0
DA:17,0
DA:18,0
DA:19,0
DA:20,0
DA:21,0
DA:25,0
DA:56,1
DA:57,0
DA:58,0
DA:59,0
DA:60,0
DA:62,0
DA:63,0
DA:74,1
LF:24
LH:11
BRDA:20,1,0,0
BRDA:20,1,1,0
BRF:2
BRH:0
end_of_record
TN:
SF:/Users/home/Desktop/SB4-MAYDAY/models/AnnouncementModel.js
FN:7,(anonymous_1)
FNF:1
FNH:1
FNDA:1,(anonymous_1)
DA:1,1
DA:2,1
DA:7,1
DA:8,1
LF:4
LH:4
BRF:0
BRH:0
end_of_record
TN:
SF:/Users/home/Desktop/SB4-MAYDAY/routes/headless.js
FN:7,(anonymous_1)
FN:18,(anonymous_2)
FN:31,(anonymous_3)
FN:44,(anonymous_4)
FN:50,(anonymous_5)
FN:73,(anonymous_6)
FN:78,(anonymous_7)
FN:79,(anonymous_8)
FN:94,(anonymous_9)
FN:97,(anonymous_10)
FN:98,(anonymous_11)
FN:100,(anonymous_12)
FN:116,(anonymous_13)
FN:122,(anonymous_14)
FN:123,(anonymous_15)
FN:140,(anonymous_16)
FN:144,(anonymous_17)
FN:145,(anonymous_18)
FN:149,(anonymous_19)
FN:165,(anonymous_20)
FN:168,(anonymous_21)
FN:169,(anonymous_22)
FN:171,(anonymous_23)
FN:188,(anonymous_24)
FN:191,(anonymous_25)
FN:192,(anonymous_26)
FN:194,(anonymous_27)
FN:211,(anonymous_28)
FN:216,(anonymous_29)
FN:223,(anonymous_30)
FN:241,(anonymous_31)
FN:247,(anonymous_32)
FN:265,(anonymous_33)
FN:267,(anonymous_34)
FN:268,(anonymous_35)
FN:270,(anonymous_36)
FN:283,(anonymous_37)
FN:288,(anonymous_38)
FN:290,(anonymous_39)
FN:307,(anonymous_40)
FN:312,(anonymous_41)
FN:315,(anonymous_42)
FN:333,(anonymous_43)
FN:386,(anonymous_44)
FN:438,(anonymous_45)
FN:442,(anonymous_46)
FN:445,(anonymous_47)
FNF:47
FNH:0
FNDA:0,(anonymous_1)
FNDA:0,(anonymous_2)
FNDA:0,(anonymous_3)
FNDA:0,(anonymous_4)
FNDA:0,(anonymous_5)
FNDA:0,(anonymous_6)
FNDA:0,(anonymous_7)
FNDA:0,(anonymous_8)
FNDA:0,(anonymous_9)
FNDA:0,(anonymous_10)
FNDA:0,(anonymous_11)
FNDA:0,(anonymous_12)
FNDA:0,(anonymous_13)
FNDA:0,(anonymous_14)
FNDA:0,(anonymous_15)
FNDA:0,(anonymous_16)
FNDA:0,(anonymous_17)
FNDA:0,(anonymous_18)
FNDA:0,(anonymous_19)
FNDA:0,(anonymous_20)
FNDA:0,(anonymous_21)
FNDA:0,(anonymous_22)
FNDA:0,(anonymous_23)
FNDA:0,(anonymous_24)
FNDA:0,(anonymous_25)
FNDA:0,(anonymous_26)
FNDA:0,(anonymous_27)
FNDA:0,(anonymous_28)
FNDA:0,(anonymous_29)
FNDA:0,(anonymous_30)
FNDA:0,(anonymous_31)
FNDA:0,(anonymous_32)
FNDA:0,(anonymous_33)
FNDA:0,(anonymous_34)
FNDA:0,(anonymous_35)
FNDA:0,(anonymous_36)
FNDA:0,(anonymous_37)
FNDA:0,(anonymous_38)
FNDA:0,(anonymous_39)
FNDA:0,(anonymous_40)
FNDA:0,(anonymous_41)
FNDA:0,(anonymous_42)
FNDA:0,(anonymous_43)
FNDA:0,(anonymous_44)
FNDA:0,(anonymous_45)
FNDA:0,(anonymous_46)
FNDA:0,(anonymous_47)
DA:1,1
DA:2,1
DA:3,1
DA:4,1
DA:5,1
DA:7,1
DA:9,0
DA:18,1
DA:20,0
DA:21,0
DA:22,0
DA:23,0
DA:31,1
DA:33,0
DA:34,0
DA:44,1
DA:45,0
DA:46,0
DA:47,0
DA:48,0
DA:49,0
DA:50,0
DA:51,0
DA:52,0
DA:56,0
DA:65,0
DA:73,1
DA:74,0
DA:75,0
DA:76,0
DA:78,0
DA:79,0
DA:80,0
DA:81,0
DA:85,0
DA:94,1
DA:96,0
DA:97,0
DA:98,0
DA:99,0
DA:101,0
DA:102,0
DA:106,0
DA:116,1
DA:117,0
DA:118,0
DA:119,0
DA:120,0
DA:122,0
DA:123,0
DA:124,0
DA:125,0
DA:129,0
DA:140,1
DA:141,0
DA:142,0
DA:143,0
DA:144,0
DA:145,0
DA:146,0
DA:150,0
DA:151,0
DA:155,0
DA:165,1
DA:166,0
DA:167,0
DA:168,0
DA:169,0
DA:170,0
DA:172,0
DA:173,0
DA:177,0
DA:188,1
DA:189,0
DA:190,0
DA:191,0
DA:192,0
DA:193,0
DA:195,0
DA:196,0
DA:200,0
DA:211,1
DA:212,0
DA:213,0
DA:214,0
DA:215,0
DA:216,0
DA:217,0
DA:218,0
DA:223,0
DA:224,0
DA:226,0
DA:233,0
DA:234,0
DA:235,0
DA:236,0
DA:241,1
DA:245,0
DA:246,0
DA:247,0
DA:249,0
DA:250,0
DA:254,0
DA:265,1
DA:266,0
DA:267,0
DA:268,0
DA:269,0
DA:271,0
DA:283,1
DA:284,0
DA:285,0
DA:286,0
DA:288,0
DA:289,0
DA:291,0
DA:292,0
DA:296,0
DA:307,1
DA:309,0
DA:310,0
DA:312,0
DA:313,0
DA:316,0
DA:317,0
DA:321,0
DA:333,1
DA:334,0
DA:335,0
DA:337,0
DA:339,0
DA:340,0
DA:342,0
DA:343,0
DA:345,0
DA:349,0
DA:350,0
DA:352,0
DA:353,0
DA:355,0
DA:358,0
DA:359,0
DA:362,0
DA:363,0
DA:368,0
DA:386,1
DA:387,0
DA:388,0
DA:390,0
DA:392,0
DA:393,0
DA:395,0
DA:396,0
DA:398,0
DA:402,0
DA:403,0
DA:405,0
DA:406,0
DA:408,0
DA:412,0
DA:413,0
DA:416,0
DA:417,0
DA:421,0
DA:438,1
DA:439,0
DA:440,0
DA:442,0
DA:443,0
DA:446,0
DA:447,0
DA:451,0
DA:462,1
LF:173
LH:24
BRDA:49,1,0,0
BRDA:49,1,1,0
BRDA:49,2,0,0
BRDA:49,2,1,0
BRDA:49,2,2,0
BRDA:51,3,0,0
BRDA:51,3,1,0
BRDA:80,4,0,0
BRDA:80,4,1,0
BRDA:101,5,0,0
BRDA:101,5,1,0
BRDA:124,6,0,0
BRDA:124,6,1,0
BRDA:150,7,0,0
BRDA:150,7,1,0
BRDA:172,8,0,0
BRDA:172,8,1,0
BRDA:195,9,0,0
BRDA:195,9,1,0
BRDA:217,10,0,0
BRDA:217,10,1,0
BRDA:224,11,0,0
BRDA:224,11,1,0
BRDA:249,12,0,0
BRDA:249,12,1,0
BRDA:291,13,0,0
BRDA:291,13,1,0
BRDA:316,14,0,0
BRDA:316,14,1,0
BRDA:340,15,0,0
BRDA:340,15,1,0
BRDA:350,16,0,0
BRDA:350,16,1,0
BRDA:362,17,0,0
BRDA:362,17,1,0
BRDA:362,18,0,0
BRDA:362,18,1,0
BRDA:393,19,0,0
BRDA:393,19,1,0
BRDA:403,20,0,0
BRDA:403,20,1,0
BRDA:416,21,0,0
BRDA:416,21,1,0
BRDA:446,22,0,0
BRDA:446,22,1,0
BRF:45
BRH:0
end_of_record
TN:
SF:/Users/home/Desktop/SB4-MAYDAY/routes/performance.js
FN:15,(anonymous_1)
FN:34,(anonymous_2)
FN:41,(anonymous_3)
FN:49,(anonymous_4)
FN:51,(anonymous_5)
FN:67,(anonymous_6)
FN:70,(anonymous_7)
FN:71,(anonymous_8)
FN:73,(anonymous_9)
FN:89,(anonymous_10)
FN:96,(anonymous_11)
FNF:11
FNH:0
FNDA:0,(anonymous_1)
FNDA:0,(anonymous_2)
FNDA:0,(anonymous_3)
FNDA:0,(anonymous_4)
FNDA:0,(anonymous_5)
FNDA:0,(anonymous_6)
FNDA:0,(anonymous_7)
FNDA:0,(anonymous_8)
FNDA:0,(anonymous_9)
FNDA:0,(anonymous_10)
FNDA:0,(anonymous_11)
DA:1,1
DA:2,1
DA:3,1
DA:4,1
DA:5,1
DA:6,1
DA:7,1
DA:8,1
DA:10,1
DA:12,1
DA:13,0
DA:14,0
DA:15,0
DA:16,0
DA:17,0
DA:18,0
DA:19,0
DA:20,0
DA:21,0
DA:22,0
DA:23,0
DA:24,0
DA:25,0
DA:26,0
DA:29,0
DA:31,1
DA:34,1
DA:35,0
DA:36,0
DA:37,0
DA:39,0
DA:40,0
DA:41,0
DA:43,0
DA:45,0
DA:49,0
DA:51,0
DA:52,0
DA:53,0
DA:57,0
DA:58,0
DA:67,1
DA:69,0
DA:70,0
DA:71,0
DA:72,0
DA:74,0
DA:75,0
DA:79,0
DA:89,1
DA:90,0
DA:91,0
DA:96,1
DA:97,0
DA:98,0
DA:104,1
LF:56
LH:16
BRDA:12,1,0,0
BRDA:12,1,1,1
BRDA:39,2,0,0
BRDA:39,2,1,0
BRDA:52,3,0,0
BRDA:52,3,1,0
BRDA:74,4,0,0
BRDA:74,4,1,0
BRF:8
BRH:1
end_of_record
TN:
SF:/Users/home/Desktop/SB4-MAYDAY/routes/search.js
FN:10,(anonymous_1)
FN:50,(anonymous_2)
FN:96,(anonymous_3)
FN:100,(anonymous_4)
FN:103,(anonymous_5)
FN:123,(anonymous_6)
FN:128,(anonymous_7)
FN:130,(anonymous_8)
FN:148,(anonymous_9)
FN:154,(anonymous_10)
FN:159,(anonymous_11)
FNF:11
FNH:0
FNDA:0,(anonymous_1)
FNDA:0,(anonymous_2)
FNDA:0,(anonymous_3)
FNDA:0,(anonymous_4)
FNDA:0,(anonymous_5)
FNDA:0,(anonymous_6)
FNDA:0,(anonymous_7)
FNDA:0,(anonymous_8)
FNDA:0,(anonymous_9)
FNDA:0,(anonymous_10)
FNDA:0,(anonymous_11)
DA:1,1
DA:2,1
DA:3,1
DA:4,1
DA:5,1
DA:6,1
DA:10,1
DA:11,0
DA:12,0
DA:13,0
DA:14,0
DA:15,0
DA:16,0
DA:17,0
DA:19,0
DA:23,0
DA:24,0
DA:26,0
DA:27,0
DA:29,0
DA:32,0
DA:33,0
DA:38,0
DA:50,1
DA:51,0
DA:52,0
DA:54,0
DA:56,0
DA:57,0
DA:58,0
DA:59,0
DA:61,0
DA:65,0
DA:66,0
DA:68,0
DA:69,0
DA:71,0
DA:75,0
DA:76,0
DA:79,0
DA:80,0
DA:85,0
DA:96,1
DA:97,0
DA:98,0
DA:100,0
DA:101,0
DA:104,0
DA:105,0
DA:110,0
DA:123,1
DA:124,0
DA:125,0
DA:126,0
DA:128,0
DA:129,0
DA:131,0
DA:132,0
DA:137,0
DA:148,1
DA:150,0
DA:151,0
DA:152,0
DA:154,0
DA:155,0
DA:156,0
DA:157,0
DA:160,0
DA:161,0
DA:166,0
DA:177,1
LF:71
LH:12
BRDA:15,1,0,0
BRDA:15,1,1,0
BRDA:24,2,0,0
BRDA:24,2,1,0
BRDA:32,3,0,0
BRDA:32,3,1,0
BRDA:32,4,0,0
BRDA:32,4,1,0
BRDA:57,5,0,0
BRDA:57,5,1,0
BRDA:66,6,0,0
BRDA:66,6,1,0
BRDA:79,7,0,0
BRDA:79,7,1,0
BRDA:104,8,0,0
BRDA:104,8,1,0
BRDA:131,9,0,0
BRDA:131,9,1,0
BRDA:160,10,0,0
BRDA:160,10,1,0
BRF:20
BRH:0
end_of_record
